<?xml version="1.0" encoding="UTF-8"?>
<coverage generated="1772867159999" clover="3.2.0">
  <project timestamp="1772867160000" name="All files">
    <metrics statements="341" coveredstatements="245" conditionals="242" coveredconditionals="155" methods="108" coveredmethods="75" elements="691" coveredelements="475" complexity="0" loc="341" ncloc="341" packages="6" files="21" classes="21"/>
    <package name="src">
      <metrics statements="77" coveredstatements="34" conditionals="63" coveredconditionals="29" methods="24" coveredmethods="8"/>
      <file name="App.css" path="C:\Users\USER\OneDrive\Documents\2025\2026\Projets\ANTIGRAVITY\job-tracker\src\App.css">
        <metrics statements="0" coveredstatements="0" conditionals="0" coveredconditionals="0" methods="0" coveredmethods="0"/>
      </file>
      <file name="App.jsx" path="C:\Users\USER\OneDrive\Documents\2025\2026\Projets\ANTIGRAVITY\job-tracker\src\App.jsx">
        <metrics statements="77" coveredstatements="34" conditionals="63" coveredconditionals="29" methods="24" coveredmethods="8"/>
        <line num="16" count="5" type="stmt"/>
        <line num="17" count="5" type="stmt"/>
        <line num="18" count="5" type="stmt"/>
        <line num="19" count="5" type="stmt"/>
        <line num="20" count="5" type="stmt"/>
        <line num="21" count="5" type="stmt"/>
        <line num="22" count="5" type="stmt"/>
        <line num="23" count="5" type="cond" truecount="2" falsecount="0"/>
        <line num="25" count="5" type="stmt"/>
        <line num="26" count="1" type="stmt"/>
        <line num="27" count="1" type="stmt"/>
        <line num="32" count="1" type="stmt"/>
        <line num="33" count="0" type="stmt"/>
        <line num="34" count="0" type="cond" truecount="0" falsecount="2"/>
        <line num="35" count="0" type="stmt"/>
        <line num="39" count="0" type="cond" truecount="0" falsecount="2"/>
        <line num="40" count="0" type="stmt"/>
        <line num="44" count="1" type="stmt"/>
        <line num="47" count="5" type="stmt"/>
        <line num="48" count="1" type="stmt"/>
        <line num="49" count="1" type="stmt"/>
        <line num="52" count="5" type="stmt"/>
        <line num="53" count="0" type="cond" truecount="0" falsecount="2"/>
        <line num="56" count="5" type="stmt"/>
        <line num="57" count="2" type="cond" truecount="2" falsecount="0"/>
        <line num="58" count="1" type="stmt"/>
        <line num="60" count="1" type="stmt"/>
        <line num="64" count="5" type="stmt"/>
        <line num="65" count="1" type="stmt"/>
        <line num="66" count="1" type="stmt"/>
        <line num="67" count="1" type="stmt"/>
        <line num="72" count="1" type="cond" truecount="1" falsecount="1"/>
        <line num="73" count="1" type="cond" truecount="1" falsecount="1"/>
        <line num="75" count="0" type="stmt"/>
        <line num="77" count="1" type="stmt"/>
        <line num="81" count="5" type="stmt"/>
        <line num="82" count="0" type="stmt"/>
        <line num="83" count="0" type="stmt"/>
        <line num="84" count="0" type="stmt"/>
        <line num="89" count="0" type="cond" truecount="0" falsecount="2"/>
        <line num="91" count="0" type="cond" truecount="0" falsecount="2"/>
        <line num="92" count="0" type="stmt"/>
        <line num="93" count="0" type="stmt"/>
        <line num="94" count="0" type="stmt"/>
        <line num="101" count="0" type="stmt"/>
        <line num="102" count="0" type="stmt"/>
        <line num="106" count="5" type="stmt"/>
        <line num="107" count="0" type="cond" truecount="0" falsecount="2"/>
        <line num="108" count="0" type="stmt"/>
        <line num="109" count="0" type="stmt"/>
        <line num="114" count="0" type="cond" truecount="0" falsecount="2"/>
        <line num="115" count="0" type="stmt"/>
        <line num="116" count="0" type="stmt"/>
        <line num="118" count="0" type="stmt"/>
        <line num="119" count="0" type="stmt"/>
        <line num="124" count="5" type="stmt"/>
        <line num="126" count="0" type="stmt"/>
        <line num="127" count="0" type="stmt"/>
        <line num="128" count="0" type="cond" truecount="0" falsecount="2"/>
        <line num="131" count="0" type="stmt"/>
        <line num="132" count="0" type="stmt"/>
        <line num="137" count="0" type="cond" truecount="0" falsecount="2"/>
        <line num="138" count="0" type="stmt"/>
        <line num="141" count="0" type="cond" truecount="0" falsecount="2"/>
        <line num="143" count="0" type="stmt"/>
        <line num="144" count="0" type="stmt"/>
        <line num="147" count="0" type="stmt"/>
        <line num="148" count="0" type="stmt"/>
        <line num="152" count="5" type="stmt"/>
        <line num="153" count="1" type="stmt"/>
        <line num="156" count="5" type="stmt"/>
        <line num="200" count="0" type="stmt"/>
        <line num="201" count="0" type="stmt"/>
        <line num="221" count="0" type="stmt"/>
        <line num="242" count="0" type="stmt"/>
        <line num="254" count="0" type="stmt"/>
        <line num="272" count="0" type="stmt"/>
      </file>
    </package>
    <package name="src.components.applications">
      <metrics statements="59" coveredstatements="57" conditionals="24" coveredconditionals="19" methods="26" coveredmethods="25"/>
      <file name="ApplicationCard.jsx" path="C:\Users\USER\OneDrive\Documents\2025\2026\Projets\ANTIGRAVITY\job-tracker\src\components\applications\ApplicationCard.jsx">
        <metrics statements="9" coveredstatements="9" conditionals="6" coveredconditionals="6" methods="4" coveredmethods="4"/>
        <line num="3" count="3" type="stmt"/>
        <line num="12" count="13" type="stmt"/>
        <line num="14" count="13" type="stmt"/>
        <line num="15" count="13" type="cond" truecount="2" falsecount="0"/>
        <line num="16" count="3" type="stmt"/>
        <line num="17" count="3" type="stmt"/>
        <line num="24" count="13" type="stmt"/>
        <line num="28" count="2" type="stmt"/>
        <line num="61" count="1" type="stmt"/>
      </file>
      <file name="ApplicationCard.module.css" path="C:\Users\USER\OneDrive\Documents\2025\2026\Projets\ANTIGRAVITY\job-tracker\src\components\applications\ApplicationCard.module.css">
        <metrics statements="0" coveredstatements="0" conditionals="0" coveredconditionals="0" methods="0" coveredmethods="0"/>
      </file>
      <file name="ApplicationForm.jsx" path="C:\Users\USER\OneDrive\Documents\2025\2026\Projets\ANTIGRAVITY\job-tracker\src\components\applications\ApplicationForm.jsx">
        <metrics statements="10" coveredstatements="10" conditionals="4" coveredconditionals="3" methods="4" coveredmethods="4"/>
        <line num="5" count="6" type="stmt"/>
        <line num="15" count="6" type="stmt"/>
        <line num="16" count="2" type="stmt"/>
        <line num="17" count="2" type="stmt"/>
        <line num="20" count="6" type="stmt"/>
        <line num="21" count="1" type="stmt"/>
        <line num="22" count="1" type="cond" truecount="3" falsecount="1"/>
        <line num="24" count="1" type="stmt"/>
        <line num="30" count="1" type="stmt"/>
        <line num="41" count="6" type="stmt"/>
      </file>
      <file name="ApplicationForm.module.css" path="C:\Users\USER\OneDrive\Documents\2025\2026\Projets\ANTIGRAVITY\job-tracker\src\components\applications\ApplicationForm.module.css">
        <metrics statements="0" coveredstatements="0" conditionals="0" coveredconditionals="0" methods="0" coveredmethods="0"/>
      </file>
      <file name="Dashboard.jsx" path="C:\Users\USER\OneDrive\Documents\2025\2026\Projets\ANTIGRAVITY\job-tracker\src\components\applications\Dashboard.jsx">
        <metrics statements="9" coveredstatements="9" conditionals="0" coveredconditionals="0" methods="7" coveredmethods="7"/>
        <line num="4" count="5" type="stmt"/>
        <line num="5" count="6" type="stmt"/>
        <line num="6" count="6" type="stmt"/>
        <line num="7" count="6" type="stmt"/>
        <line num="8" count="6" type="stmt"/>
        <line num="9" count="6" type="stmt"/>
        <line num="11" count="5" type="stmt"/>
        <line num="20" count="5" type="stmt"/>
        <line num="23" count="30" type="stmt"/>
      </file>
      <file name="Dashboard.module.css" path="C:\Users\USER\OneDrive\Documents\2025\2026\Projets\ANTIGRAVITY\job-tracker\src\components\applications\Dashboard.module.css">
        <metrics statements="0" coveredstatements="0" conditionals="0" coveredconditionals="0" methods="0" coveredmethods="0"/>
      </file>
      <file name="KanbanBoard.jsx" path="C:\Users\USER\OneDrive\Documents\2025\2026\Projets\ANTIGRAVITY\job-tracker\src\components\applications\KanbanBoard.jsx">
        <metrics statements="31" coveredstatements="29" conditionals="14" coveredconditionals="10" methods="11" coveredmethods="10"/>
        <line num="5" count="2" type="stmt"/>
        <line num="14" count="5" type="stmt"/>
        <line num="15" count="5" type="stmt"/>
        <line num="17" count="5" type="stmt"/>
        <line num="18" count="1" type="stmt"/>
        <line num="19" count="1" type="stmt"/>
        <line num="21" count="1" type="stmt"/>
        <line num="24" count="5" type="stmt"/>
        <line num="25" count="1" type="stmt"/>
        <line num="26" count="1" type="stmt"/>
        <line num="27" count="1" type="cond" truecount="1" falsecount="1"/>
        <line num="28" count="1" type="stmt"/>
        <line num="32" count="5" type="stmt"/>
        <line num="33" count="0" type="stmt"/>
        <line num="34" count="0" type="stmt"/>
        <line num="37" count="5" type="stmt"/>
        <line num="38" count="1" type="stmt"/>
        <line num="39" count="1" type="stmt"/>
        <line num="41" count="1" type="cond" truecount="1" falsecount="1"/>
        <line num="43" count="1" type="cond" truecount="1" falsecount="1"/>
        <line num="44" count="1" type="stmt"/>
        <line num="45" count="1" type="cond" truecount="3" falsecount="1"/>
        <line num="46" count="1" type="stmt"/>
        <line num="50" count="1" type="stmt"/>
        <line num="53" count="5" type="stmt"/>
        <line num="56" count="50" type="stmt"/>
        <line num="57" count="25" type="stmt"/>
        <line num="59" count="25" type="stmt"/>
        <line num="63" count="1" type="stmt"/>
        <line num="65" count="1" type="stmt"/>
        <line num="79" count="10" type="stmt"/>
      </file>
      <file name="KanbanBoard.module.css" path="C:\Users\USER\OneDrive\Documents\2025\2026\Projets\ANTIGRAVITY\job-tracker\src\components\applications\KanbanBoard.module.css">
        <metrics statements="0" coveredstatements="0" conditionals="0" coveredconditionals="0" methods="0" coveredmethods="0"/>
      </file>
    </package>
    <package name="src.components.auth">
      <metrics statements="70" coveredstatements="62" conditionals="73" coveredconditionals="59" methods="13" coveredmethods="13"/>
      <file name="Auth.jsx" path="C:\Users\USER\OneDrive\Documents\2025\2026\Projets\ANTIGRAVITY\job-tracker\src\components\auth\Auth.jsx">
        <metrics statements="49" coveredstatements="41" conditionals="51" coveredconditionals="43" methods="8" coveredmethods="8"/>
        <line num="6" count="23" type="stmt"/>
        <line num="7" count="23" type="stmt"/>
        <line num="8" count="23" type="stmt"/>
        <line num="9" count="23" type="stmt"/>
        <line num="10" count="23" type="stmt"/>
        <line num="11" count="23" type="stmt"/>
        <line num="12" count="23" type="stmt"/>
        <line num="14" count="23" type="stmt"/>
        <line num="15" count="23" type="stmt"/>
        <line num="17" count="23" type="stmt"/>
        <line num="18" count="3" type="stmt"/>
        <line num="19" count="3" type="stmt"/>
        <line num="20" count="3" type="stmt"/>
        <line num="21" count="3" type="stmt"/>
        <line num="23" count="3" type="stmt"/>
        <line num="25" count="3" type="stmt"/>
        <line num="27" count="3" type="cond" truecount="2" falsecount="0"/>
        <line num="28" count="1" type="stmt"/>
        <line num="31" count="1" type="cond" truecount="1" falsecount="1"/>
        <line num="32" count="1" type="stmt"/>
        <line num="34" count="2" type="cond" truecount="2" falsecount="0"/>
        <line num="35" count="1" type="stmt"/>
        <line num="37" count="1" type="stmt"/>
        <line num="48" count="1" type="cond" truecount="3" falsecount="1"/>
        <line num="49" count="0" type="stmt"/>
        <line num="50" count="0" type="stmt"/>
        <line num="51" count="0" type="stmt"/>
        <line num="52" count="0" type="stmt"/>
        <line num="56" count="3" type="cond" truecount="1" falsecount="1"/>
        <line num="58" count="3" type="cond" truecount="5" falsecount="0"/>
        <line num="59" count="1" type="cond" truecount="1" falsecount="1"/>
        <line num="60" count="0" type="stmt"/>
        <line num="61" count="0" type="stmt"/>
        <line num="63" count="1" type="stmt"/>
        <line num="65" count="2" type="cond" truecount="2" falsecount="0"/>
        <line num="66" count="1" type="stmt"/>
        <line num="70" count="0" type="cond" truecount="0" falsecount="2"/>
        <line num="72" count="3" type="stmt"/>
        <line num="76" count="23" type="stmt"/>
        <line num="105" count="3" type="stmt"/>
        <line num="119" count="2" type="stmt"/>
        <line num="134" count="1" type="stmt"/>
        <line num="145" count="1" type="stmt"/>
        <line num="160" count="1" type="stmt"/>
        <line num="170" count="2" type="cond" truecount="1" falsecount="1"/>
        <line num="171" count="0" type="stmt"/>
        <line num="173" count="2" type="stmt"/>
        <line num="175" count="2" type="stmt"/>
        <line num="176" count="2" type="stmt"/>
      </file>
      <file name="UserProfile.jsx" path="C:\Users\USER\OneDrive\Documents\2025\2026\Projets\ANTIGRAVITY\job-tracker\src\components\auth\UserProfile.jsx">
        <metrics statements="21" coveredstatements="21" conditionals="22" coveredconditionals="16" methods="5" coveredmethods="5"/>
        <line num="6" count="12" type="stmt"/>
        <line num="7" count="12" type="cond" truecount="1" falsecount="1"/>
        <line num="8" count="12" type="cond" truecount="1" falsecount="1"/>
        <line num="9" count="12" type="stmt"/>
        <line num="11" count="12" type="stmt"/>
        <line num="12" count="4" type="cond" truecount="1" falsecount="1"/>
        <line num="13" count="4" type="cond" truecount="1" falsecount="1"/>
        <line num="14" count="4" type="cond" truecount="1" falsecount="1"/>
        <line num="18" count="12" type="stmt"/>
        <line num="19" count="2" type="stmt"/>
        <line num="20" count="2" type="stmt"/>
        <line num="21" count="2" type="stmt"/>
        <line num="23" count="2" type="stmt"/>
        <line num="24" count="2" type="stmt"/>
        <line num="31" count="2" type="cond" truecount="2" falsecount="0"/>
        <line num="32" count="1" type="stmt"/>
        <line num="34" count="1" type="stmt"/>
        <line num="36" count="2" type="stmt"/>
        <line num="40" count="12" type="stmt"/>
        <line num="76" count="1" type="stmt"/>
        <line num="87" count="1" type="stmt"/>
      </file>
    </package>
    <package name="src.components.common">
      <metrics statements="14" coveredstatements="5" conditionals="8" coveredconditionals="3" methods="5" coveredmethods="1"/>
      <file name="Footer.jsx" path="C:\Users\USER\OneDrive\Documents\2025\2026\Projets\ANTIGRAVITY\job-tracker\src\components\common\Footer.jsx">
        <metrics statements="14" coveredstatements="5" conditionals="8" coveredconditionals="3" methods="5" coveredmethods="1"/>
        <line num="5" count="5" type="stmt"/>
        <line num="6" count="5" type="stmt"/>
        <line num="7" count="5" type="stmt"/>
        <line num="9" count="5" type="stmt"/>
        <line num="10" count="0" type="stmt"/>
        <line num="11" count="0" type="cond" truecount="0" falsecount="2"/>
        <line num="13" count="0" type="stmt"/>
        <line num="15" count="0" type="stmt"/>
        <line num="16" count="0" type="stmt"/>
        <line num="17" count="0" type="stmt"/>
        <line num="18" count="0" type="stmt"/>
        <line num="19" count="0" type="stmt"/>
        <line num="23" count="5" type="stmt"/>
        <line num="37" count="0" type="stmt"/>
      </file>
      <file name="Footer.module.css" path="C:\Users\USER\OneDrive\Documents\2025\2026\Projets\ANTIGRAVITY\job-tracker\src\components\common\Footer.module.css">
        <metrics statements="0" coveredstatements="0" conditionals="0" coveredconditionals="0" methods="0" coveredmethods="0"/>
      </file>
    </package>
    <package name="src.components.todo">
      <metrics statements="107" coveredstatements="76" conditionals="68" coveredconditionals="41" methods="37" coveredmethods="25"/>
      <file name="TodoForm.jsx" path="C:\Users\USER\OneDrive\Documents\2025\2026\Projets\ANTIGRAVITY\job-tracker\src\components\todo\TodoForm.jsx">
        <metrics statements="29" coveredstatements="28" conditionals="13" coveredconditionals="10" methods="11" coveredmethods="10"/>
        <line num="5" count="23" type="stmt"/>
        <line num="6" count="23" type="stmt"/>
        <line num="7" count="23" type="stmt"/>
        <line num="8" count="23" type="stmt"/>
        <line num="9" count="23" type="stmt"/>
        <line num="11" count="23" type="stmt"/>
        <line num="12" count="4" type="cond" truecount="4" falsecount="1"/>
        <line num="13" count="4" type="stmt"/>
        <line num="14" count="4" type="stmt"/>
        <line num="15" count="4" type="cond" truecount="3" falsecount="1"/>
        <line num="16" count="4" type="stmt"/>
        <line num="18" count="4" type="stmt"/>
        <line num="22" count="23" type="stmt"/>
        <line num="23" count="1" type="stmt"/>
        <line num="26" count="23" type="stmt"/>
        <line num="27" count="1" type="stmt"/>
        <line num="28" count="1" type="cond" truecount="1" falsecount="1"/>
        <line num="30" count="1" type="stmt"/>
        <line num="38" count="1" type="stmt"/>
        <line num="39" count="1" type="stmt"/>
        <line num="40" count="1" type="stmt"/>
        <line num="41" count="1" type="stmt"/>
        <line num="44" count="23" type="stmt"/>
        <line num="51" count="1" type="stmt"/>
        <line num="61" count="1" type="stmt"/>
        <line num="74" count="0" type="stmt"/>
        <line num="81" count="4" type="stmt"/>
        <line num="83" count="1" type="stmt"/>
        <line num="90" count="4" type="stmt"/>
      </file>
      <file name="TodoForm.module.css" path="C:\Users\USER\OneDrive\Documents\2025\2026\Projets\ANTIGRAVITY\job-tracker\src\components\todo\TodoForm.module.css">
        <metrics statements="0" coveredstatements="0" conditionals="0" coveredconditionals="0" methods="0" coveredmethods="0"/>
      </file>
      <file name="TodoItem.jsx" path="C:\Users\USER\OneDrive\Documents\2025\2026\Projets\ANTIGRAVITY\job-tracker\src\components\todo\TodoItem.jsx">
        <metrics statements="21" coveredstatements="18" conditionals="21" coveredconditionals="16" methods="8" coveredmethods="6"/>
        <line num="4" count="5" type="stmt"/>
        <line num="5" count="1" type="cond" truecount="1" falsecount="1"/>
        <line num="6" count="1" type="stmt"/>
        <line num="7" count="1" type="stmt"/>
        <line num="8" count="1" type="stmt"/>
        <line num="9" count="1" type="stmt"/>
        <line num="12" count="5" type="stmt"/>
        <line num="13" count="0" type="cond" truecount="0" falsecount="2"/>
        <line num="14" count="0" type="stmt"/>
        <line num="17" count="5" type="stmt"/>
        <line num="18" count="5" type="cond" truecount="2" falsecount="0"/>
        <line num="19" count="4" type="stmt"/>
        <line num="20" count="4" type="stmt"/>
        <line num="27" count="5" type="stmt"/>
        <line num="29" count="5" type="cond" truecount="2" falsecount="0"/>
        <line num="30" count="1" type="stmt"/>
        <line num="59" count="2" type="stmt"/>
        <line num="64" count="0" type="stmt"/>
        <line num="69" count="4" type="stmt"/>
        <line num="94" count="6" type="stmt"/>
        <line num="100" count="2" type="stmt"/>
      </file>
      <file name="TodoItem.module.css" path="C:\Users\USER\OneDrive\Documents\2025\2026\Projets\ANTIGRAVITY\job-tracker\src\components\todo\TodoItem.module.css">
        <metrics statements="0" coveredstatements="0" conditionals="0" coveredconditionals="0" methods="0" coveredmethods="0"/>
      </file>
      <file name="TodoManager.jsx" path="C:\Users\USER\OneDrive\Documents\2025\2026\Projets\ANTIGRAVITY\job-tracker\src\components\todo\TodoManager.jsx">
        <metrics statements="57" coveredstatements="30" conditionals="34" coveredconditionals="15" methods="18" coveredmethods="9"/>
        <line num="9" count="13" type="stmt"/>
        <line num="10" count="13" type="stmt"/>
        <line num="11" count="13" type="stmt"/>
        <line num="12" count="13" type="stmt"/>
        <line num="14" count="13" type="stmt"/>
        <line num="15" count="4" type="cond" truecount="1" falsecount="1"/>
        <line num="18" count="13" type="stmt"/>
        <line num="19" count="4" type="stmt"/>
        <line num="20" count="4" type="stmt"/>
        <line num="21" count="4" type="stmt"/>
        <line num="25" count="4" type="cond" truecount="1" falsecount="1"/>
        <line num="26" count="4" type="cond" truecount="1" falsecount="1"/>
        <line num="28" count="0" type="stmt"/>
        <line num="30" count="4" type="stmt"/>
        <line num="34" count="13" type="stmt"/>
        <line num="35" count="0" type="stmt"/>
        <line num="36" count="0" type="stmt"/>
        <line num="40" count="0" type="cond" truecount="0" falsecount="2"/>
        <line num="41" count="0" type="cond" truecount="0" falsecount="2"/>
        <line num="42" count="0" type="stmt"/>
        <line num="43" count="0" type="stmt"/>
        <line num="50" count="0" type="stmt"/>
        <line num="54" count="13" type="stmt"/>
        <line num="55" count="1" type="cond" truecount="1" falsecount="1"/>
        <line num="56" count="1" type="stmt"/>
        <line num="57" count="1" type="stmt"/>
        <line num="61" count="1" type="cond" truecount="1" falsecount="1"/>
        <line num="62" count="1" type="stmt"/>
        <line num="63" count="1" type="stmt"/>
        <line num="65" count="0" type="stmt"/>
        <line num="69" count="13" type="stmt"/>
        <line num="70" count="0" type="stmt"/>
        <line num="71" count="0" type="cond" truecount="0" falsecount="2"/>
        <line num="73" count="0" type="stmt"/>
        <line num="74" count="0" type="stmt"/>
        <line num="79" count="0" type="cond" truecount="0" falsecount="2"/>
        <line num="80" count="0" type="stmt"/>
        <line num="83" count="0" type="cond" truecount="0" falsecount="2"/>
        <line num="85" count="0" type="stmt"/>
        <line num="86" count="0" type="stmt"/>
        <line num="90" count="13" type="stmt"/>
        <line num="91" count="0" type="stmt"/>
        <line num="92" count="0" type="stmt"/>
        <line num="93" count="0" type="cond" truecount="0" falsecount="2"/>
        <line num="94" count="0" type="stmt"/>
        <line num="98" count="13" type="stmt"/>
        <line num="104" count="13" type="cond" truecount="2" falsecount="0"/>
        <line num="106" count="8" type="stmt"/>
        <line num="114" count="1" type="stmt"/>
        <line num="120" count="1" type="stmt"/>
        <line num="145" count="2" type="stmt"/>
        <line num="158" count="3" type="stmt"/>
        <line num="161" count="0" type="stmt"/>
        <line num="162" count="0" type="stmt"/>
        <line num="167" count="0" type="stmt"/>
        <line num="172" count="0" type="stmt"/>
        <line num="174" count="0" type="stmt"/>
      </file>
      <file name="TodoManager.module.css" path="C:\Users\USER\OneDrive\Documents\2025\2026\Projets\ANTIGRAVITY\job-tracker\src\components\todo\TodoManager.module.css">
        <metrics statements="0" coveredstatements="0" conditionals="0" coveredconditionals="0" methods="0" coveredmethods="0"/>
      </file>
    </package>
    <package name="src.hooks">
      <metrics statements="14" coveredstatements="11" conditionals="6" coveredconditionals="4" methods="3" coveredmethods="3"/>
      <file name="useLocalStorage.js" path="C:\Users\USER\OneDrive\Documents\2025\2026\Projets\ANTIGRAVITY\job-tracker\src\hooks\useLocalStorage.js">
        <metrics statements="14" coveredstatements="11" conditionals="6" coveredconditionals="4" methods="3" coveredmethods="3"/>
        <line num="5" count="4" type="stmt"/>
        <line num="6" count="3" type="stmt"/>
        <line num="7" count="3" type="stmt"/>
        <line num="8" count="3" type="cond" truecount="2" falsecount="0"/>
        <line num="10" count="0" type="stmt"/>
        <line num="11" count="0" type="stmt"/>
        <line num="16" count="4" type="stmt"/>
        <line num="17" count="1" type="stmt"/>
        <line num="19" count="1" type="cond" truecount="1" falsecount="1"/>
        <line num="20" count="1" type="stmt"/>
        <line num="21" count="1" type="cond" truecount="1" falsecount="1"/>
        <line num="22" count="1" type="stmt"/>
        <line num="25" count="0" type="stmt"/>
        <line num="29" count="4" type="stmt"/>
      </file>
    </package>
  </project>
</coverage>
