{"C:\\Users\\USER\\OneDrive\\Documents\\2025\\2026\\Projets\\ANTIGRAVITY\\job-tracker\\src\\App.css": {"path":"C:\\Users\\USER\\OneDrive\\Documents\\2025\\2026\\Projets\\ANTIGRAVITY\\job-tracker\\src\\App.css","statementMap":{},"fnMap":{},"branchMap":{},"s":{},"f":{},"b":{},"meta":{"lastBranch":0,"lastFunction":0,"lastStatement":0,"seen":{}}}
,"C:\\Users\\USER\\OneDrive\\Documents\\2025\\2026\\Projets\\ANTIGRAVITY\\job-tracker\\src\\App.jsx": {"path":"C:\\Users\\USER\\OneDrive\\Documents\\2025\\2026\\Projets\\ANTIGRAVITY\\job-tracker\\src\\App.jsx","statementMap":{"0":{"start":{"line":16,"column":8},"end":{"line":16,"column":null}},"1":{"start":{"line":17,"column":28},"end":{"line":17,"column":null}},"2":{"start":{"line":18,"column":38},"end":{"line":18,"column":null}},"3":{"start":{"line":19,"column":36},"end":{"line":19,"column":null}},"4":{"start":{"line":20,"column":30},"end":{"line":20,"column":null}},"5":{"start":{"line":21,"column":36},"end":{"line":21,"column":null}},"6":{"start":{"line":22,"column":32},"end":{"line":22,"column":null}},"7":{"start":{"line":23,"column":24},"end":{"line":23,"column":null}},"8":{"start":{"line":25,"column":2},"end":{"line":45,"column":null}},"9":{"start":{"line":26,"column":4},"end":{"line":28,"column":null}},"10":{"start":{"line":27,"column":6},"end":{"line":27,"column":null}},"11":{"start":{"line":32,"column":8},"end":{"line":42,"column":null}},"12":{"start":{"line":33,"column":6},"end":{"line":33,"column":null}},"13":{"start":{"line":34,"column":6},"end":{"line":41,"column":null}},"14":{"start":{"line":35,"column":8},"end":{"line":38,"column":null}},"15":{"start":{"line":39,"column":6},"end":{"line":41,"column":null}},"16":{"start":{"line":40,"column":8},"end":{"line":40,"column":null}},"17":{"start":{"line":44,"column":4},"end":{"line":44,"column":null}},"18":{"start":{"line":44,"column":17},"end":{"line":44,"column":null}},"19":{"start":{"line":47,"column":2},"end":{"line":50,"column":null}},"20":{"start":{"line":48,"column":4},"end":{"line":48,"column":null}},"21":{"start":{"line":49,"column":4},"end":{"line":49,"column":null}},"22":{"start":{"line":52,"column":22},"end":{"line":54,"column":null}},"23":{"start":{"line":53,"column":4},"end":{"line":53,"column":null}},"24":{"start":{"line":53,"column":21},"end":{"line":53,"column":55}},"25":{"start":{"line":56,"column":2},"end":{"line":62,"column":null}},"26":{"start":{"line":57,"column":4},"end":{"line":61,"column":null}},"27":{"start":{"line":58,"column":6},"end":{"line":58,"column":null}},"28":{"start":{"line":60,"column":6},"end":{"line":60,"column":null}},"29":{"start":{"line":64,"column":28},"end":{"line":79,"column":null}},"30":{"start":{"line":65,"column":4},"end":{"line":65,"column":null}},"31":{"start":{"line":66,"column":4},"end":{"line":78,"column":null}},"32":{"start":{"line":67,"column":30},"end":{"line":70,"column":null}},"33":{"start":{"line":72,"column":6},"end":{"line":72,"column":null}},"34":{"start":{"line":72,"column":17},"end":{"line":72,"column":null}},"35":{"start":{"line":73,"column":6},"end":{"line":73,"column":null}},"36":{"start":{"line":75,"column":6},"end":{"line":75,"column":null}},"37":{"start":{"line":77,"column":6},"end":{"line":77,"column":null}},"38":{"start":{"line":81,"column":31},"end":{"line":104,"column":null}},"39":{"start":{"line":82,"column":4},"end":{"line":103,"column":null}},"40":{"start":{"line":83,"column":38},"end":{"line":83,"column":null}},"41":{"start":{"line":84,"column":30},"end":{"line":87,"column":null}},"42":{"start":{"line":89,"column":6},"end":{"line":89,"column":null}},"43":{"start":{"line":89,"column":17},"end":{"line":89,"column":null}},"44":{"start":{"line":91,"column":6},"end":{"line":99,"column":null}},"45":{"start":{"line":92,"column":8},"end":{"line":92,"column":null}},"46":{"start":{"line":92,"column":32},"end":{"line":92,"column":50}},"47":{"start":{"line":93,"column":8},"end":{"line":93,"column":null}},"48":{"start":{"line":94,"column":8},"end":{"line":98,"column":null}},"49":{"start":{"line":101,"column":6},"end":{"line":101,"column":null}},"50":{"start":{"line":102,"column":6},"end":{"line":102,"column":null}},"51":{"start":{"line":106,"column":34},"end":{"line":122,"column":null}},"52":{"start":{"line":107,"column":4},"end":{"line":121,"column":null}},"53":{"start":{"line":108,"column":6},"end":{"line":120,"column":null}},"54":{"start":{"line":109,"column":26},"end":{"line":112,"column":null}},"55":{"start":{"line":114,"column":8},"end":{"line":114,"column":null}},"56":{"start":{"line":114,"column":19},"end":{"line":114,"column":null}},"57":{"start":{"line":115,"column":8},"end":{"line":115,"column":null}},"58":{"start":{"line":115,"column":32},"end":{"line":115,"column":65}},"59":{"start":{"line":115,"column":51},"end":{"line":115,"column":64}},"60":{"start":{"line":116,"column":8},"end":{"line":116,"column":null}},"61":{"start":{"line":118,"column":8},"end":{"line":118,"column":null}},"62":{"start":{"line":119,"column":8},"end":{"line":119,"column":null}},"63":{"start":{"line":124,"column":29},"end":{"line":150,"column":null}},"64":{"start":{"line":126,"column":25},"end":{"line":126,"column":null}},"65":{"start":{"line":127,"column":4},"end":{"line":129,"column":null}},"66":{"start":{"line":128,"column":6},"end":{"line":128,"column":null}},"67":{"start":{"line":128,"column":22},"end":{"line":128,"column":73}},"68":{"start":{"line":131,"column":4},"end":{"line":149,"column":null}},"69":{"start":{"line":132,"column":24},"end":{"line":135,"column":null}},"70":{"start":{"line":137,"column":6},"end":{"line":139,"column":null}},"71":{"start":{"line":138,"column":8},"end":{"line":138,"column":null}},"72":{"start":{"line":141,"column":6},"end":{"line":145,"column":null}},"73":{"start":{"line":143,"column":8},"end":{"line":143,"column":null}},"74":{"start":{"line":144,"column":8},"end":{"line":144,"column":null}},"75":{"start":{"line":147,"column":6},"end":{"line":147,"column":null}},"76":{"start":{"line":148,"column":6},"end":{"line":148,"column":null}},"77":{"start":{"line":152,"column":23},"end":{"line":154,"column":null}},"78":{"start":{"line":153,"column":4},"end":{"line":153,"column":null}},"79":{"start":{"line":156,"column":2},"end":{"line":306,"column":null}},"80":{"start":{"line":200,"column":18},"end":{"line":200,"column":null}},"81":{"start":{"line":201,"column":18},"end":{"line":201,"column":null}},"82":{"start":{"line":221,"column":33},"end":{"line":221,"column":null}},"83":{"start":{"line":242,"column":27},"end":{"line":242,"column":null}},"84":{"start":{"line":254,"column":27},"end":{"line":254,"column":null}},"85":{"start":{"line":272,"column":56},"end":{"line":272,"column":79}}},"fnMap":{"0":{"name":"App","decl":{"start":{"line":15,"column":9},"end":{"line":15,"column":15}},"loc":{"start":{"line":15,"column":15},"end":{"line":308,"column":null}},"line":15},"1":{"name":"(anonymous_1)","decl":{"start":{"line":25,"column":12},"end":{"line":25,"column":18}},"loc":{"start":{"line":25,"column":18},"end":{"line":45,"column":5}},"line":25},"2":{"name":"(anonymous_2)","decl":{"start":{"line":26,"column":36},"end":{"line":26,"column":37}},"loc":{"start":{"line":26,"column":63},"end":{"line":28,"column":5}},"line":26},"3":{"name":"(anonymous_3)","decl":{"start":{"line":32,"column":40},"end":{"line":32,"column":41}},"loc":{"start":{"line":32,"column":61},"end":{"line":42,"column":5}},"line":32},"4":{"name":"(anonymous_4)","decl":{"start":{"line":44,"column":11},"end":{"line":44,"column":17}},"loc":{"start":{"line":44,"column":17},"end":{"line":44,"column":null}},"line":44},"5":{"name":"(anonymous_5)","decl":{"start":{"line":47,"column":12},"end":{"line":47,"column":18}},"loc":{"start":{"line":47,"column":18},"end":{"line":50,"column":5}},"line":47},"6":{"name":"(anonymous_6)","decl":{"start":{"line":52,"column":22},"end":{"line":52,"column":28}},"loc":{"start":{"line":52,"column":28},"end":{"line":54,"column":null}},"line":52},"7":{"name":"(anonymous_7)","decl":{"start":{"line":53,"column":13},"end":{"line":53,"column":21}},"loc":{"start":{"line":53,"column":21},"end":{"line":53,"column":55}},"line":53},"8":{"name":"(anonymous_8)","decl":{"start":{"line":56,"column":12},"end":{"line":56,"column":18}},"loc":{"start":{"line":56,"column":18},"end":{"line":62,"column":5}},"line":56},"9":{"name":"(anonymous_9)","decl":{"start":{"line":64,"column":28},"end":{"line":64,"column":40}},"loc":{"start":{"line":64,"column":40},"end":{"line":79,"column":null}},"line":64},"10":{"name":"(anonymous_10)","decl":{"start":{"line":81,"column":31},"end":{"line":81,"column":38}},"loc":{"start":{"line":81,"column":49},"end":{"line":104,"column":null}},"line":81},"11":{"name":"(anonymous_11)","decl":{"start":{"line":92,"column":24},"end":{"line":92,"column":32}},"loc":{"start":{"line":92,"column":32},"end":{"line":92,"column":50}},"line":92},"12":{"name":"(anonymous_12)","decl":{"start":{"line":106,"column":34},"end":{"line":106,"column":41}},"loc":{"start":{"line":106,"column":48},"end":{"line":122,"column":null}},"line":106},"13":{"name":"(anonymous_13)","decl":{"start":{"line":115,"column":24},"end":{"line":115,"column":32}},"loc":{"start":{"line":115,"column":32},"end":{"line":115,"column":65}},"line":115},"14":{"name":"(anonymous_14)","decl":{"start":{"line":115,"column":44},"end":{"line":115,"column":51}},"loc":{"start":{"line":115,"column":51},"end":{"line":115,"column":64}},"line":115},"15":{"name":"(anonymous_15)","decl":{"start":{"line":124,"column":29},"end":{"line":124,"column":36}},"loc":{"start":{"line":124,"column":54},"end":{"line":150,"column":null}},"line":124},"16":{"name":"(anonymous_16)","decl":{"start":{"line":127,"column":20},"end":{"line":127,"column":null}},"loc":{"start":{"line":128,"column":6},"end":{"line":128,"column":null}},"line":128},"17":{"name":"(anonymous_17)","decl":{"start":{"line":128,"column":15},"end":{"line":128,"column":22}},"loc":{"start":{"line":128,"column":22},"end":{"line":128,"column":73}},"line":128},"18":{"name":"(anonymous_18)","decl":{"start":{"line":152,"column":23},"end":{"line":152,"column":35}},"loc":{"start":{"line":152,"column":35},"end":{"line":154,"column":null}},"line":152},"19":{"name":"(anonymous_19)","decl":{"start":{"line":199,"column":25},"end":{"line":199,"column":31}},"loc":{"start":{"line":199,"column":31},"end":{"line":202,"column":null}},"line":199},"20":{"name":"(anonymous_20)","decl":{"start":{"line":221,"column":27},"end":{"line":221,"column":33}},"loc":{"start":{"line":221,"column":33},"end":{"line":221,"column":null}},"line":221},"21":{"name":"(anonymous_21)","decl":{"start":{"line":242,"column":21},"end":{"line":242,"column":27}},"loc":{"start":{"line":242,"column":27},"end":{"line":242,"column":null}},"line":242},"22":{"name":"(anonymous_22)","decl":{"start":{"line":254,"column":21},"end":{"line":254,"column":27}},"loc":{"start":{"line":254,"column":27},"end":{"line":254,"column":null}},"line":254},"23":{"name":"(anonymous_23)","decl":{"start":{"line":272,"column":50},"end":{"line":272,"column":56}},"loc":{"start":{"line":272,"column":56},"end":{"line":272,"column":79}},"line":272}},"branchMap":{"0":{"loc":{"start":{"line":23,"column":37},"end":{"line":23,"column":88}},"type":"binary-expr","locations":[{"start":{"line":23,"column":37},"end":{"line":23,"column":82}},{"start":{"line":23,"column":82},"end":{"line":23,"column":88}}],"line":23},"1":{"loc":{"start":{"line":34,"column":6},"end":{"line":41,"column":null}},"type":"if","locations":[{"start":{"line":34,"column":6},"end":{"line":41,"column":null}},{"start":{"line":39,"column":6},"end":{"line":41,"column":null}}],"line":34},"2":{"loc":{"start":{"line":39,"column":6},"end":{"line":41,"column":null}},"type":"if","locations":[{"start":{"line":39,"column":6},"end":{"line":41,"column":null}},{"start":{},"end":{}}],"line":39},"3":{"loc":{"start":{"line":53,"column":21},"end":{"line":53,"column":55}},"type":"cond-expr","locations":[{"start":{"line":53,"column":39},"end":{"line":53,"column":49}},{"start":{"line":53,"column":49},"end":{"line":53,"column":55}}],"line":53},"4":{"loc":{"start":{"line":57,"column":4},"end":{"line":61,"column":null}},"type":"if","locations":[{"start":{"line":57,"column":4},"end":{"line":61,"column":null}},{"start":{"line":59,"column":11},"end":{"line":61,"column":null}}],"line":57},"5":{"loc":{"start":{"line":72,"column":6},"end":{"line":72,"column":null}},"type":"if","locations":[{"start":{"line":72,"column":6},"end":{"line":72,"column":null}},{"start":{},"end":{}}],"line":72},"6":{"loc":{"start":{"line":73,"column":22},"end":{"line":73,"column":32}},"type":"binary-expr","locations":[{"start":{"line":73,"column":22},"end":{"line":73,"column":30}},{"start":{"line":73,"column":30},"end":{"line":73,"column":32}}],"line":73},"7":{"loc":{"start":{"line":89,"column":6},"end":{"line":89,"column":null}},"type":"if","locations":[{"start":{"line":89,"column":6},"end":{"line":89,"column":null}},{"start":{},"end":{}}],"line":89},"8":{"loc":{"start":{"line":91,"column":6},"end":{"line":99,"column":null}},"type":"if","locations":[{"start":{"line":91,"column":6},"end":{"line":99,"column":null}},{"start":{},"end":{}}],"line":91},"9":{"loc":{"start":{"line":107,"column":4},"end":{"line":121,"column":null}},"type":"if","locations":[{"start":{"line":107,"column":4},"end":{"line":121,"column":null}},{"start":{},"end":{}}],"line":107},"10":{"loc":{"start":{"line":114,"column":8},"end":{"line":114,"column":null}},"type":"if","locations":[{"start":{"line":114,"column":8},"end":{"line":114,"column":null}},{"start":{},"end":{}}],"line":114},"11":{"loc":{"start":{"line":128,"column":22},"end":{"line":128,"column":73}},"type":"cond-expr","locations":[{"start":{"line":128,"column":38},"end":{"line":128,"column":70}},{"start":{"line":128,"column":70},"end":{"line":128,"column":73}}],"line":128},"12":{"loc":{"start":{"line":137,"column":6},"end":{"line":139,"column":null}},"type":"if","locations":[{"start":{"line":137,"column":6},"end":{"line":139,"column":null}},{"start":{},"end":{}}],"line":137},"13":{"loc":{"start":{"line":141,"column":6},"end":{"line":145,"column":null}},"type":"if","locations":[{"start":{"line":141,"column":6},"end":{"line":145,"column":null}},{"start":{},"end":{}}],"line":141},"14":{"loc":{"start":{"line":177,"column":19},"end":{"line":177,"column":null}},"type":"cond-expr","locations":[{"start":{"line":177,"column":38},"end":{"line":177,"column":64}},{"start":{"line":177,"column":64},"end":{"line":177,"column":null}}],"line":177},"15":{"loc":{"start":{"line":179,"column":13},"end":{"line":182,"column":null}},"type":"cond-expr","locations":[{"start":{"line":180,"column":14},"end":{"line":180,"column":null}},{"start":{"line":182,"column":14},"end":{"line":182,"column":null}}],"line":179},"16":{"loc":{"start":{"line":186,"column":11},"end":{"line":234,"column":null}},"type":"binary-expr","locations":[{"start":{"line":186,"column":11},"end":{"line":186,"column":null}},{"start":{"line":187,"column":12},"end":{"line":234,"column":null}}],"line":186},"17":{"loc":{"start":{"line":204,"column":17},"end":{"line":204,"column":null}},"type":"cond-expr","locations":[{"start":{"line":204,"column":31},"end":{"line":204,"column":49}},{"start":{"line":204,"column":49},"end":{"line":204,"column":null}}],"line":204},"18":{"loc":{"start":{"line":207,"column":15},"end":{"line":224,"column":null}},"type":"binary-expr","locations":[{"start":{"line":207,"column":15},"end":{"line":207,"column":null}},{"start":{"line":208,"column":16},"end":{"line":224,"column":null}}],"line":207},"19":{"loc":{"start":{"line":223,"column":19},"end":{"line":223,"column":null}},"type":"cond-expr","locations":[{"start":{"line":223,"column":30},"end":{"line":223,"column":42}},{"start":{"line":223,"column":42},"end":{"line":223,"column":null}}],"line":223},"20":{"loc":{"start":{"line":239,"column":7},"end":{"line":265,"column":null}},"type":"binary-expr","locations":[{"start":{"line":239,"column":7},"end":{"line":239,"column":18}},{"start":{"line":239,"column":18},"end":{"line":239,"column":null}},{"start":{"line":240,"column":8},"end":{"line":265,"column":null}}],"line":239},"21":{"loc":{"start":{"line":245,"column":21},"end":{"line":245,"column":null}},"type":"cond-expr","locations":[{"start":{"line":245,"column":52},"end":{"line":245,"column":78}},{"start":{"line":245,"column":78},"end":{"line":245,"column":null}}],"line":245},"22":{"loc":{"start":{"line":246,"column":28},"end":{"line":246,"column":null}},"type":"cond-expr","locations":[{"start":{"line":246,"column":59},"end":{"line":246,"column":95}},{"start":{"line":246,"column":95},"end":{"line":246,"column":null}}],"line":246},"23":{"loc":{"start":{"line":257,"column":21},"end":{"line":257,"column":null}},"type":"cond-expr","locations":[{"start":{"line":257,"column":45},"end":{"line":257,"column":71}},{"start":{"line":257,"column":71},"end":{"line":257,"column":null}}],"line":257},"24":{"loc":{"start":{"line":258,"column":28},"end":{"line":258,"column":null}},"type":"cond-expr","locations":[{"start":{"line":258,"column":52},"end":{"line":258,"column":88}},{"start":{"line":258,"column":88},"end":{"line":258,"column":null}}],"line":258},"25":{"loc":{"start":{"line":269,"column":9},"end":{"line":302,"column":null}},"type":"cond-expr","locations":[{"start":{"line":270,"column":10},"end":{"line":270,"column":null}},{"start":{"line":271,"column":12},"end":{"line":302,"column":null}}],"line":269},"26":{"loc":{"start":{"line":271,"column":12},"end":{"line":302,"column":null}},"type":"cond-expr","locations":[{"start":{"line":272,"column":10},"end":{"line":272,"column":null}},{"start":{"line":273,"column":12},"end":{"line":302,"column":null}}],"line":271},"27":{"loc":{"start":{"line":273,"column":12},"end":{"line":302,"column":null}},"type":"cond-expr","locations":[{"start":{"line":274,"column":10},"end":{"line":274,"column":null}},{"start":{"line":276,"column":10},"end":{"line":302,"column":null}}],"line":273},"28":{"loc":{"start":{"line":279,"column":13},"end":{"line":280,"column":null}},"type":"binary-expr","locations":[{"start":{"line":279,"column":13},"end":{"line":279,"column":null}},{"start":{"line":280,"column":14},"end":{"line":280,"column":null}}],"line":279},"29":{"loc":{"start":{"line":286,"column":15},"end":{"line":299,"column":null}},"type":"cond-expr","locations":[{"start":{"line":287,"column":16},"end":{"line":289,"column":null}},{"start":{"line":290,"column":18},"end":{"line":299,"column":null}}],"line":286},"30":{"loc":{"start":{"line":290,"column":18},"end":{"line":299,"column":null}},"type":"cond-expr","locations":[{"start":{"line":291,"column":16},"end":{"line":293,"column":null}},{"start":{"line":295,"column":16},"end":{"line":299,"column":null}}],"line":290}},"s":{"0":5,"1":5,"2":5,"3":5,"4":5,"5":5,"6":5,"7":5,"8":5,"9":1,"10":1,"11":1,"12":0,"13":0,"14":0,"15":0,"16":0,"17":1,"18":1,"19":5,"20":1,"21":1,"22":5,"23":0,"24":0,"25":5,"26":2,"27":1,"28":1,"29":5,"30":1,"31":1,"32":1,"33":1,"34":0,"35":1,"36":0,"37":1,"38":5,"39":0,"40":0,"41":0,"42":0,"43":0,"44":0,"45":0,"46":0,"47":0,"48":0,"49":0,"50":0,"51":5,"52":0,"53":0,"54":0,"55":0,"56":0,"57":0,"58":0,"59":0,"60":0,"61":0,"62":0,"63":5,"64":0,"65":0,"66":0,"67":0,"68":0,"69":0,"70":0,"71":0,"72":0,"73":0,"74":0,"75":0,"76":0,"77":5,"78":1,"79":5,"80":0,"81":0,"82":0,"83":0,"84":0,"85":0},"f":{"0":5,"1":1,"2":1,"3":0,"4":1,"5":1,"6":0,"7":0,"8":2,"9":1,"10":0,"11":0,"12":0,"13":0,"14":0,"15":0,"16":0,"17":0,"18":1,"19":0,"20":0,"21":0,"22":0,"23":0},"b":{"0":[5,1],"1":[0,0],"2":[0,0],"3":[0,0],"4":[1,1],"5":[0,1],"6":[1,0],"7":[0,0],"8":[0,0],"9":[0,0],"10":[0,0],"11":[0,0],"12":[0,0],"13":[0,0],"14":[5,0],"15":[5,0],"16":[5,3],"17":[0,3],"18":[3,3],"19":[0,3],"20":[5,3,3],"21":[3,0],"22":[3,0],"23":[0,3],"24":[0,3],"25":[2,3],"26":[0,3],"27":[0,3],"28":[3,0],"29":[1,2],"30":[2,0]},"meta":{"lastBranch":31,"lastFunction":24,"lastStatement":86,"seen":{"f:15:9:15:15":0,"s:16:8:16:Infinity":0,"s:17:28:17:Infinity":1,"s:18:38:18:Infinity":2,"s:19:36:19:Infinity":3,"s:20:30:20:Infinity":4,"s:21:36:21:Infinity":5,"s:22:32:22:Infinity":6,"s:23:24:23:Infinity":7,"b:23:37:23:82:23:82:23:88":0,"s:25:2:45:Infinity":8,"f:25:12:25:18":1,"s:26:4:28:Infinity":9,"f:26:36:26:37":2,"s:27:6:27:Infinity":10,"s:32:8:42:Infinity":11,"f:32:40:32:41":3,"s:33:6:33:Infinity":12,"b:34:6:41:Infinity:39:6:41:Infinity":1,"s:34:6:41:Infinity":13,"s:35:8:38:Infinity":14,"b:39:6:41:Infinity:undefined:undefined:undefined:undefined":2,"s:39:6:41:Infinity":15,"s:40:8:40:Infinity":16,"s:44:4:44:Infinity":17,"f:44:11:44:17":4,"s:44:17:44:Infinity":18,"s:47:2:50:Infinity":19,"f:47:12:47:18":5,"s:48:4:48:Infinity":20,"s:49:4:49:Infinity":21,"s:52:22:54:Infinity":22,"f:52:22:52:28":6,"s:53:4:53:Infinity":23,"f:53:13:53:21":7,"s:53:21:53:55":24,"b:53:39:53:49:53:49:53:55":3,"s:56:2:62:Infinity":25,"f:56:12:56:18":8,"b:57:4:61:Infinity:59:11:61:Infinity":4,"s:57:4:61:Infinity":26,"s:58:6:58:Infinity":27,"s:60:6:60:Infinity":28,"s:64:28:79:Infinity":29,"f:64:28:64:40":9,"s:65:4:65:Infinity":30,"s:66:4:78:Infinity":31,"s:67:30:70:Infinity":32,"b:72:6:72:Infinity:undefined:undefined:undefined:undefined":5,"s:72:6:72:Infinity":33,"s:72:17:72:Infinity":34,"s:73:6:73:Infinity":35,"b:73:22:73:30:73:30:73:32":6,"s:75:6:75:Infinity":36,"s:77:6:77:Infinity":37,"s:81:31:104:Infinity":38,"f:81:31:81:38":10,"s:82:4:103:Infinity":39,"s:83:38:83:Infinity":40,"s:84:30:87:Infinity":41,"b:89:6:89:Infinity:undefined:undefined:undefined:undefined":7,"s:89:6:89:Infinity":42,"s:89:17:89:Infinity":43,"b:91:6:99:Infinity:undefined:undefined:undefined:undefined":8,"s:91:6:99:Infinity":44,"s:92:8:92:Infinity":45,"f:92:24:92:32":11,"s:92:32:92:50":46,"s:93:8:93:Infinity":47,"s:94:8:98:Infinity":48,"s:101:6:101:Infinity":49,"s:102:6:102:Infinity":50,"s:106:34:122:Infinity":51,"f:106:34:106:41":12,"b:107:4:121:Infinity:undefined:undefined:undefined:undefined":9,"s:107:4:121:Infinity":52,"s:108:6:120:Infinity":53,"s:109:26:112:Infinity":54,"b:114:8:114:Infinity:undefined:undefined:undefined:undefined":10,"s:114:8:114:Infinity":55,"s:114:19:114:Infinity":56,"s:115:8:115:Infinity":57,"f:115:24:115:32":13,"s:115:32:115:65":58,"f:115:44:115:51":14,"s:115:51:115:64":59,"s:116:8:116:Infinity":60,"s:118:8:118:Infinity":61,"s:119:8:119:Infinity":62,"s:124:29:150:Infinity":63,"f:124:29:124:36":15,"s:126:25:126:Infinity":64,"s:127:4:129:Infinity":65,"f:127:20:127:Infinity":16,"s:128:6:128:Infinity":66,"f:128:15:128:22":17,"s:128:22:128:73":67,"b:128:38:128:70:128:70:128:73":11,"s:131:4:149:Infinity":68,"s:132:24:135:Infinity":69,"b:137:6:139:Infinity:undefined:undefined:undefined:undefined":12,"s:137:6:139:Infinity":70,"s:138:8:138:Infinity":71,"b:141:6:145:Infinity:undefined:undefined:undefined:undefined":13,"s:141:6:145:Infinity":72,"s:143:8:143:Infinity":73,"s:144:8:144:Infinity":74,"s:147:6:147:Infinity":75,"s:148:6:148:Infinity":76,"s:152:23:154:Infinity":77,"f:152:23:152:35":18,"s:153:4:153:Infinity":78,"s:156:2:306:Infinity":79,"b:177:38:177:64:177:64:177:Infinity":14,"b:180:14:180:Infinity:182:14:182:Infinity":15,"b:186:11:186:Infinity:187:12:234:Infinity":16,"f:199:25:199:31":19,"s:200:18:200:Infinity":80,"s:201:18:201:Infinity":81,"b:204:31:204:49:204:49:204:Infinity":17,"b:207:15:207:Infinity:208:16:224:Infinity":18,"f:221:27:221:33":20,"s:221:33:221:Infinity":82,"b:223:30:223:42:223:42:223:Infinity":19,"b:239:7:239:18:239:18:239:Infinity:240:8:265:Infinity":20,"f:242:21:242:27":21,"s:242:27:242:Infinity":83,"b:245:52:245:78:245:78:245:Infinity":21,"b:246:59:246:95:246:95:246:Infinity":22,"f:254:21:254:27":22,"s:254:27:254:Infinity":84,"b:257:45:257:71:257:71:257:Infinity":23,"b:258:52:258:88:258:88:258:Infinity":24,"b:270:10:270:Infinity:271:12:302:Infinity":25,"b:272:10:272:Infinity:273:12:302:Infinity":26,"f:272:50:272:56":23,"s:272:56:272:79":85,"b:274:10:274:Infinity:276:10:302:Infinity":27,"b:279:13:279:Infinity:280:14:280:Infinity":28,"b:287:16:289:Infinity:290:18:299:Infinity":29,"b:291:16:293:Infinity:295:16:299:Infinity":30}}}
,"C:\\Users\\USER\\OneDrive\\Documents\\2025\\2026\\Projets\\ANTIGRAVITY\\job-tracker\\src\\components\\applications\\ApplicationCard.jsx": {"path":"C:\\Users\\USER\\OneDrive\\Documents\\2025\\2026\\Projets\\ANTIGRAVITY\\job-tracker\\src\\components\\applications\\ApplicationCard.jsx","statementMap":{"0":{"start":{"line":3,"column":21},"end":{"line":9,"column":null}},"1":{"start":{"line":12,"column":66},"end":{"line":12,"column":null}},"2":{"start":{"line":14,"column":23},"end":{"line":22,"column":null}},"3":{"start":{"line":15,"column":8},"end":{"line":15,"column":null}},"4":{"start":{"line":15,"column":25},"end":{"line":15,"column":null}},"5":{"start":{"line":16,"column":24},"end":{"line":16,"column":null}},"6":{"start":{"line":17,"column":8},"end":{"line":21,"column":null}},"7":{"start":{"line":24,"column":4},"end":{"line":66,"column":null}},"8":{"start":{"line":28,"column":32},"end":{"line":28,"column":null}},"9":{"start":{"line":61,"column":92},"end":{"line":61,"column":106}}},"fnMap":{"0":{"name":"ApplicationCard","decl":{"start":{"line":11,"column":16},"end":{"line":11,"column":32}},"loc":{"start":{"line":11,"column":72},"end":{"line":68,"column":null}},"line":11},"1":{"name":"(anonymous_1)","decl":{"start":{"line":14,"column":23},"end":{"line":14,"column":24}},"loc":{"start":{"line":14,"column":39},"end":{"line":22,"column":null}},"line":14},"2":{"name":"(anonymous_2)","decl":{"start":{"line":28,"column":25},"end":{"line":28,"column":26}},"loc":{"start":{"line":28,"column":32},"end":{"line":28,"column":null}},"line":28},"3":{"name":"(anonymous_3)","decl":{"start":{"line":61,"column":86},"end":{"line":61,"column":92}},"loc":{"start":{"line":61,"column":92},"end":{"line":61,"column":106}},"line":61}},"branchMap":{"0":{"loc":{"start":{"line":15,"column":8},"end":{"line":15,"column":null}},"type":"if","locations":[{"start":{"line":15,"column":8},"end":{"line":15,"column":null}},{"start":{},"end":{}}],"line":15},"1":{"loc":{"start":{"line":43,"column":13},"end":{"line":46,"column":null}},"type":"binary-expr","locations":[{"start":{"line":43,"column":13},"end":{"line":43,"column":null}},{"start":{"line":44,"column":16},"end":{"line":46,"column":null}}],"line":43},"2":{"loc":{"start":{"line":56,"column":21},"end":{"line":59,"column":null}},"type":"binary-expr","locations":[{"start":{"line":56,"column":21},"end":{"line":56,"column":null}},{"start":{"line":57,"column":24},"end":{"line":59,"column":null}}],"line":56}},"s":{"0":3,"1":13,"2":13,"3":13,"4":10,"5":3,"6":3,"7":13,"8":2,"9":1},"f":{"0":13,"1":13,"2":2,"3":1},"b":{"0":[10,3],"1":[13,3],"2":[13,3]},"meta":{"lastBranch":3,"lastFunction":4,"lastStatement":10,"seen":{"s:3:21:9:Infinity":0,"f:11:16:11:32":0,"s:12:66:12:Infinity":1,"s:14:23:22:Infinity":2,"f:14:23:14:24":1,"b:15:8:15:Infinity:undefined:undefined:undefined:undefined":0,"s:15:8:15:Infinity":3,"s:15:25:15:Infinity":4,"s:16:24:16:Infinity":5,"s:17:8:21:Infinity":6,"s:24:4:66:Infinity":7,"f:28:25:28:26":2,"s:28:32:28:Infinity":8,"b:43:13:43:Infinity:44:16:46:Infinity":1,"b:56:21:56:Infinity:57:24:59:Infinity":2,"f:61:86:61:92":3,"s:61:92:61:106":9}}}
,"C:\\Users\\USER\\OneDrive\\Documents\\2025\\2026\\Projets\\ANTIGRAVITY\\job-tracker\\src\\components\\applications\\ApplicationCard.module.css": {"path":"C:\\Users\\USER\\OneDrive\\Documents\\2025\\2026\\Projets\\ANTIGRAVITY\\job-tracker\\src\\components\\applications\\ApplicationCard.module.css","statementMap":{},"fnMap":{},"branchMap":{},"s":{},"f":{},"b":{},"meta":{"lastBranch":0,"lastFunction":0,"lastStatement":0,"seen":{}}}
,"C:\\Users\\USER\\OneDrive\\Documents\\2025\\2026\\Projets\\ANTIGRAVITY\\job-tracker\\src\\components\\applications\\ApplicationForm.jsx": {"path":"C:\\Users\\USER\\OneDrive\\Documents\\2025\\2026\\Projets\\ANTIGRAVITY\\job-tracker\\src\\components\\applications\\ApplicationForm.jsx","statementMap":{"0":{"start":{"line":5,"column":32},"end":{"line":13,"column":null}},"1":{"start":{"line":15,"column":25},"end":{"line":18,"column":null}},"2":{"start":{"line":16,"column":32},"end":{"line":16,"column":null}},"3":{"start":{"line":17,"column":8},"end":{"line":17,"column":null}},"4":{"start":{"line":17,"column":29},"end":{"line":17,"column":56}},"5":{"start":{"line":20,"column":25},"end":{"line":39,"column":null}},"6":{"start":{"line":21,"column":8},"end":{"line":21,"column":null}},"7":{"start":{"line":22,"column":8},"end":{"line":22,"column":null}},"8":{"start":{"line":22,"column":49},"end":{"line":22,"column":null}},"9":{"start":{"line":24,"column":8},"end":{"line":27,"column":null}},"10":{"start":{"line":30,"column":8},"end":{"line":38,"column":null}},"11":{"start":{"line":41,"column":4},"end":{"line":110,"column":null}}},"fnMap":{"0":{"name":"ApplicationForm","decl":{"start":{"line":4,"column":16},"end":{"line":4,"column":32}},"loc":{"start":{"line":4,"column":43},"end":{"line":112,"column":null}},"line":4},"1":{"name":"(anonymous_1)","decl":{"start":{"line":15,"column":25},"end":{"line":15,"column":26}},"loc":{"start":{"line":15,"column":32},"end":{"line":18,"column":null}},"line":15},"2":{"name":"(anonymous_2)","decl":{"start":{"line":17,"column":20},"end":{"line":17,"column":29}},"loc":{"start":{"line":17,"column":29},"end":{"line":17,"column":56}},"line":17},"3":{"name":"(anonymous_3)","decl":{"start":{"line":20,"column":25},"end":{"line":20,"column":26}},"loc":{"start":{"line":20,"column":32},"end":{"line":39,"column":null}},"line":20}},"branchMap":{"0":{"loc":{"start":{"line":22,"column":8},"end":{"line":22,"column":null}},"type":"if","locations":[{"start":{"line":22,"column":8},"end":{"line":22,"column":null}},{"start":{},"end":{}}],"line":22},"1":{"loc":{"start":{"line":22,"column":12},"end":{"line":22,"column":49}},"type":"binary-expr","locations":[{"start":{"line":22,"column":12},"end":{"line":22,"column":33}},{"start":{"line":22,"column":33},"end":{"line":22,"column":49}}],"line":22}},"s":{"0":6,"1":6,"2":2,"3":2,"4":2,"5":6,"6":1,"7":1,"8":0,"9":1,"10":1,"11":6},"f":{"0":6,"1":2,"2":2,"3":1},"b":{"0":[0,1],"1":[1,1]},"meta":{"lastBranch":2,"lastFunction":4,"lastStatement":12,"seen":{"f:4:16:4:32":0,"s:5:32:13:Infinity":0,"s:15:25:18:Infinity":1,"f:15:25:15:26":1,"s:16:32:16:Infinity":2,"s:17:8:17:Infinity":3,"f:17:20:17:29":2,"s:17:29:17:56":4,"s:20:25:39:Infinity":5,"f:20:25:20:26":3,"s:21:8:21:Infinity":6,"b:22:8:22:Infinity:undefined:undefined:undefined:undefined":0,"s:22:8:22:Infinity":7,"b:22:12:22:33:22:33:22:49":1,"s:22:49:22:Infinity":8,"s:24:8:27:Infinity":9,"s:30:8:38:Infinity":10,"s:41:4:110:Infinity":11}}}
,"C:\\Users\\USER\\OneDrive\\Documents\\2025\\2026\\Projets\\ANTIGRAVITY\\job-tracker\\src\\components\\applications\\ApplicationForm.module.css": {"path":"C:\\Users\\USER\\OneDrive\\Documents\\2025\\2026\\Projets\\ANTIGRAVITY\\job-tracker\\src\\components\\applications\\ApplicationForm.module.css","statementMap":{},"fnMap":{},"branchMap":{},"s":{},"f":{},"b":{},"meta":{"lastBranch":0,"lastFunction":0,"lastStatement":0,"seen":{}}}
,"C:\\Users\\USER\\OneDrive\\Documents\\2025\\2026\\Projets\\ANTIGRAVITY\\job-tracker\\src\\components\\applications\\Dashboard.jsx": {"path":"C:\\Users\\USER\\OneDrive\\Documents\\2025\\2026\\Projets\\ANTIGRAVITY\\job-tracker\\src\\components\\applications\\Dashboard.jsx","statementMap":{"0":{"start":{"line":4,"column":18},"end":{"line":4,"column":null}},"1":{"start":{"line":5,"column":20},"end":{"line":5,"column":null}},"2":{"start":{"line":5,"column":47},"end":{"line":5,"column":71}},"3":{"start":{"line":6,"column":25},"end":{"line":6,"column":null}},"4":{"start":{"line":6,"column":52},"end":{"line":6,"column":78}},"5":{"start":{"line":7,"column":21},"end":{"line":7,"column":null}},"6":{"start":{"line":7,"column":48},"end":{"line":7,"column":73}},"7":{"start":{"line":8,"column":21},"end":{"line":8,"column":null}},"8":{"start":{"line":8,"column":48},"end":{"line":8,"column":73}},"9":{"start":{"line":9,"column":21},"end":{"line":9,"column":null}},"10":{"start":{"line":9,"column":48},"end":{"line":9,"column":73}},"11":{"start":{"line":11,"column":18},"end":{"line":18,"column":null}},"12":{"start":{"line":20,"column":4},"end":{"line":32,"column":null}},"13":{"start":{"line":23,"column":16},"end":{"line":30,"column":null}}},"fnMap":{"0":{"name":"Dashboard","decl":{"start":{"line":3,"column":16},"end":{"line":3,"column":26}},"loc":{"start":{"line":3,"column":44},"end":{"line":34,"column":null}},"line":3},"1":{"name":"(anonymous_1)","decl":{"start":{"line":5,"column":40},"end":{"line":5,"column":47}},"loc":{"start":{"line":5,"column":47},"end":{"line":5,"column":71}},"line":5},"2":{"name":"(anonymous_2)","decl":{"start":{"line":6,"column":45},"end":{"line":6,"column":52}},"loc":{"start":{"line":6,"column":52},"end":{"line":6,"column":78}},"line":6},"3":{"name":"(anonymous_3)","decl":{"start":{"line":7,"column":41},"end":{"line":7,"column":48}},"loc":{"start":{"line":7,"column":48},"end":{"line":7,"column":73}},"line":7},"4":{"name":"(anonymous_4)","decl":{"start":{"line":8,"column":41},"end":{"line":8,"column":48}},"loc":{"start":{"line":8,"column":48},"end":{"line":8,"column":73}},"line":8},"5":{"name":"(anonymous_5)","decl":{"start":{"line":9,"column":41},"end":{"line":9,"column":48}},"loc":{"start":{"line":9,"column":48},"end":{"line":9,"column":73}},"line":9},"6":{"name":"(anonymous_6)","decl":{"start":{"line":22,"column":23},"end":{"line":22,"column":24}},"loc":{"start":{"line":23,"column":16},"end":{"line":30,"column":null}},"line":23}},"branchMap":{},"s":{"0":5,"1":5,"2":6,"3":5,"4":6,"5":5,"6":6,"7":5,"8":6,"9":5,"10":6,"11":5,"12":5,"13":30},"f":{"0":5,"1":6,"2":6,"3":6,"4":6,"5":6,"6":30},"b":{},"meta":{"lastBranch":0,"lastFunction":7,"lastStatement":14,"seen":{"f:3:16:3:26":0,"s:4:18:4:Infinity":0,"s:5:20:5:Infinity":1,"f:5:40:5:47":1,"s:5:47:5:71":2,"s:6:25:6:Infinity":3,"f:6:45:6:52":2,"s:6:52:6:78":4,"s:7:21:7:Infinity":5,"f:7:41:7:48":3,"s:7:48:7:73":6,"s:8:21:8:Infinity":7,"f:8:41:8:48":4,"s:8:48:8:73":8,"s:9:21:9:Infinity":9,"f:9:41:9:48":5,"s:9:48:9:73":10,"s:11:18:18:Infinity":11,"s:20:4:32:Infinity":12,"f:22:23:22:24":6,"s:23:16:30:Infinity":13}}}
,"C:\\Users\\USER\\OneDrive\\Documents\\2025\\2026\\Projets\\ANTIGRAVITY\\job-tracker\\src\\components\\applications\\Dashboard.module.css": {"path":"C:\\Users\\USER\\OneDrive\\Documents\\2025\\2026\\Projets\\ANTIGRAVITY\\job-tracker\\src\\components\\applications\\Dashboard.module.css","statementMap":{},"fnMap":{},"branchMap":{},"s":{},"f":{},"b":{},"meta":{"lastBranch":0,"lastFunction":0,"lastStatement":0,"seen":{}}}
,"C:\\Users\\USER\\OneDrive\\Documents\\2025\\2026\\Projets\\ANTIGRAVITY\\job-tracker\\src\\components\\applications\\KanbanBoard.jsx": {"path":"C:\\Users\\USER\\OneDrive\\Documents\\2025\\2026\\Projets\\ANTIGRAVITY\\job-tracker\\src\\components\\applications\\KanbanBoard.jsx","statementMap":{"0":{"start":{"line":5,"column":16},"end":{"line":11,"column":null}},"1":{"start":{"line":14,"column":40},"end":{"line":14,"column":null}},"2":{"start":{"line":15,"column":44},"end":{"line":15,"column":null}},"3":{"start":{"line":17,"column":28},"end":{"line":22,"column":null}},"4":{"start":{"line":18,"column":8},"end":{"line":18,"column":null}},"5":{"start":{"line":19,"column":8},"end":{"line":19,"column":null}},"6":{"start":{"line":21,"column":8},"end":{"line":21,"column":null}},"7":{"start":{"line":24,"column":27},"end":{"line":30,"column":null}},"8":{"start":{"line":25,"column":8},"end":{"line":25,"column":null}},"9":{"start":{"line":26,"column":8},"end":{"line":26,"column":null}},"10":{"start":{"line":27,"column":8},"end":{"line":29,"column":null}},"11":{"start":{"line":28,"column":12},"end":{"line":28,"column":null}},"12":{"start":{"line":32,"column":28},"end":{"line":35,"column":null}},"13":{"start":{"line":33,"column":8},"end":{"line":33,"column":null}},"14":{"start":{"line":34,"column":8},"end":{"line":34,"column":null}},"15":{"start":{"line":37,"column":23},"end":{"line":51,"column":null}},"16":{"start":{"line":38,"column":8},"end":{"line":38,"column":null}},"17":{"start":{"line":39,"column":8},"end":{"line":39,"column":null}},"18":{"start":{"line":41,"column":22},"end":{"line":41,"column":null}},"19":{"start":{"line":43,"column":8},"end":{"line":48,"column":null}},"20":{"start":{"line":44,"column":24},"end":{"line":44,"column":null}},"21":{"start":{"line":44,"column":47},"end":{"line":44,"column":61}},"22":{"start":{"line":45,"column":12},"end":{"line":47,"column":null}},"23":{"start":{"line":46,"column":16},"end":{"line":46,"column":null}},"24":{"start":{"line":50,"column":8},"end":{"line":50,"column":null}},"25":{"start":{"line":53,"column":4},"end":{"line":91,"column":null}},"26":{"start":{"line":56,"column":35},"end":{"line":56,"column":null}},"27":{"start":{"line":56,"column":62},"end":{"line":56,"column":86}},"28":{"start":{"line":57,"column":35},"end":{"line":57,"column":null}},"29":{"start":{"line":59,"column":16},"end":{"line":88,"column":null}},"30":{"start":{"line":63,"column":43},"end":{"line":63,"column":null}},"31":{"start":{"line":65,"column":39},"end":{"line":65,"column":null}},"32":{"start":{"line":79,"column":36},"end":{"line":84,"column":null}}},"fnMap":{"0":{"name":"KanbanBoard","decl":{"start":{"line":13,"column":16},"end":{"line":13,"column":28}},"loc":{"start":{"line":13,"column":72},"end":{"line":93,"column":null}},"line":13},"1":{"name":"(anonymous_1)","decl":{"start":{"line":17,"column":28},"end":{"line":17,"column":29}},"loc":{"start":{"line":17,"column":39},"end":{"line":22,"column":null}},"line":17},"2":{"name":"(anonymous_2)","decl":{"start":{"line":24,"column":27},"end":{"line":24,"column":28}},"loc":{"start":{"line":24,"column":44},"end":{"line":30,"column":null}},"line":24},"3":{"name":"(anonymous_3)","decl":{"start":{"line":32,"column":28},"end":{"line":32,"column":29}},"loc":{"start":{"line":32,"column":35},"end":{"line":35,"column":null}},"line":32},"4":{"name":"(anonymous_4)","decl":{"start":{"line":37,"column":23},"end":{"line":37,"column":24}},"loc":{"start":{"line":37,"column":40},"end":{"line":51,"column":null}},"line":37},"5":{"name":"(anonymous_5)","decl":{"start":{"line":44,"column":42},"end":{"line":44,"column":47}},"loc":{"start":{"line":44,"column":47},"end":{"line":44,"column":61}},"line":44},"6":{"name":"(anonymous_6)","decl":{"start":{"line":55,"column":25},"end":{"line":55,"column":35}},"loc":{"start":{"line":55,"column":35},"end":{"line":90,"column":13}},"line":55},"7":{"name":"(anonymous_7)","decl":{"start":{"line":56,"column":55},"end":{"line":56,"column":62}},"loc":{"start":{"line":56,"column":62},"end":{"line":56,"column":86}},"line":56},"8":{"name":"(anonymous_8)","decl":{"start":{"line":63,"column":36},"end":{"line":63,"column":37}},"loc":{"start":{"line":63,"column":43},"end":{"line":63,"column":null}},"line":63},"9":{"name":"(anonymous_9)","decl":{"start":{"line":65,"column":32},"end":{"line":65,"column":33}},"loc":{"start":{"line":65,"column":39},"end":{"line":65,"column":null}},"line":65},"10":{"name":"(anonymous_10)","decl":{"start":{"line":78,"column":47},"end":{"line":78,"column":null}},"loc":{"start":{"line":79,"column":36},"end":{"line":84,"column":null}},"line":79}},"branchMap":{"0":{"loc":{"start":{"line":27,"column":8},"end":{"line":29,"column":null}},"type":"if","locations":[{"start":{"line":27,"column":8},"end":{"line":29,"column":null}},{"start":{},"end":{}}],"line":27},"1":{"loc":{"start":{"line":41,"column":22},"end":{"line":41,"column":null}},"type":"binary-expr","locations":[{"start":{"line":41,"column":22},"end":{"line":41,"column":62}},{"start":{"line":41,"column":62},"end":{"line":41,"column":null}}],"line":41},"2":{"loc":{"start":{"line":43,"column":8},"end":{"line":48,"column":null}},"type":"if","locations":[{"start":{"line":43,"column":8},"end":{"line":48,"column":null}},{"start":{},"end":{}}],"line":43},"3":{"loc":{"start":{"line":45,"column":12},"end":{"line":47,"column":null}},"type":"if","locations":[{"start":{"line":45,"column":12},"end":{"line":47,"column":null}},{"start":{},"end":{}}],"line":45},"4":{"loc":{"start":{"line":45,"column":16},"end":{"line":45,"column":48}},"type":"binary-expr","locations":[{"start":{"line":45,"column":16},"end":{"line":45,"column":23}},{"start":{"line":45,"column":23},"end":{"line":45,"column":48}}],"line":45},"5":{"loc":{"start":{"line":62,"column":61},"end":{"line":62,"column":94}},"type":"cond-expr","locations":[{"start":{"line":62,"column":74},"end":{"line":62,"column":92}},{"start":{"line":62,"column":92},"end":{"line":62,"column":94}}],"line":62},"6":{"loc":{"start":{"line":73,"column":29},"end":{"line":85,"column":null}},"type":"cond-expr","locations":[{"start":{"line":74,"column":32},"end":{"line":76,"column":null}},{"start":{"line":78,"column":32},"end":{"line":85,"column":null}}],"line":73}},"s":{"0":2,"1":5,"2":5,"3":5,"4":1,"5":1,"6":1,"7":5,"8":1,"9":1,"10":1,"11":1,"12":5,"13":0,"14":0,"15":5,"16":1,"17":1,"18":1,"19":1,"20":1,"21":1,"22":1,"23":1,"24":1,"25":5,"26":25,"27":50,"28":25,"29":25,"30":1,"31":1,"32":10},"f":{"0":5,"1":1,"2":1,"3":0,"4":1,"5":1,"6":25,"7":50,"8":1,"9":1,"10":10},"b":{"0":[1,0],"1":[1,0],"2":[1,0],"3":[1,0],"4":[1,1],"5":[1,24],"6":[15,10]},"meta":{"lastBranch":7,"lastFunction":11,"lastStatement":33,"seen":{"s:5:16:11:Infinity":0,"f:13:16:13:28":0,"s:14:40:14:Infinity":1,"s:15:44:15:Infinity":2,"s:17:28:22:Infinity":3,"f:17:28:17:29":1,"s:18:8:18:Infinity":4,"s:19:8:19:Infinity":5,"s:21:8:21:Infinity":6,"s:24:27:30:Infinity":7,"f:24:27:24:28":2,"s:25:8:25:Infinity":8,"s:26:8:26:Infinity":9,"b:27:8:29:Infinity:undefined:undefined:undefined:undefined":0,"s:27:8:29:Infinity":10,"s:28:12:28:Infinity":11,"s:32:28:35:Infinity":12,"f:32:28:32:29":3,"s:33:8:33:Infinity":13,"s:34:8:34:Infinity":14,"s:37:23:51:Infinity":15,"f:37:23:37:24":4,"s:38:8:38:Infinity":16,"s:39:8:39:Infinity":17,"s:41:22:41:Infinity":18,"b:41:22:41:62:41:62:41:Infinity":1,"b:43:8:48:Infinity:undefined:undefined:undefined:undefined":2,"s:43:8:48:Infinity":19,"s:44:24:44:Infinity":20,"f:44:42:44:47":5,"s:44:47:44:61":21,"b:45:12:47:Infinity:undefined:undefined:undefined:undefined":3,"s:45:12:47:Infinity":22,"b:45:16:45:23:45:23:45:48":4,"s:46:16:46:Infinity":23,"s:50:8:50:Infinity":24,"s:53:4:91:Infinity":25,"f:55:25:55:35":6,"s:56:35:56:Infinity":26,"f:56:55:56:62":7,"s:56:62:56:86":27,"s:57:35:57:Infinity":28,"s:59:16:88:Infinity":29,"b:62:74:62:92:62:92:62:94":5,"f:63:36:63:37":8,"s:63:43:63:Infinity":30,"f:65:32:65:33":9,"s:65:39:65:Infinity":31,"b:74:32:76:Infinity:78:32:85:Infinity":6,"f:78:47:78:Infinity":10,"s:79:36:84:Infinity":32}}}
,"C:\\Users\\USER\\OneDrive\\Documents\\2025\\2026\\Projets\\ANTIGRAVITY\\job-tracker\\src\\components\\applications\\KanbanBoard.module.css": {"path":"C:\\Users\\USER\\OneDrive\\Documents\\2025\\2026\\Projets\\ANTIGRAVITY\\job-tracker\\src\\components\\applications\\KanbanBoard.module.css","statementMap":{},"fnMap":{},"branchMap":{},"s":{},"f":{},"b":{},"meta":{"lastBranch":0,"lastFunction":0,"lastStatement":0,"seen":{}}}
,"C:\\Users\\USER\\OneDrive\\Documents\\2025\\2026\\Projets\\ANTIGRAVITY\\job-tracker\\src\\components\\auth\\Auth.jsx": {"path":"C:\\Users\\USER\\OneDrive\\Documents\\2025\\2026\\Projets\\ANTIGRAVITY\\job-tracker\\src\\components\\auth\\Auth.jsx","statementMap":{"0":{"start":{"line":6,"column":30},"end":{"line":6,"column":null}},"1":{"start":{"line":7,"column":26},"end":{"line":7,"column":null}},"2":{"start":{"line":8,"column":32},"end":{"line":8,"column":null}},"3":{"start":{"line":9,"column":30},"end":{"line":9,"column":null}},"4":{"start":{"line":10,"column":32},"end":{"line":10,"column":null}},"5":{"start":{"line":11,"column":32},"end":{"line":11,"column":null}},"6":{"start":{"line":12,"column":26},"end":{"line":12,"column":null}},"7":{"start":{"line":14,"column":48},"end":{"line":14,"column":null}},"8":{"start":{"line":15,"column":36},"end":{"line":15,"column":null}},"9":{"start":{"line":17,"column":23},"end":{"line":74,"column":null}},"10":{"start":{"line":18,"column":8},"end":{"line":18,"column":null}},"11":{"start":{"line":19,"column":8},"end":{"line":19,"column":null}},"12":{"start":{"line":20,"column":8},"end":{"line":20,"column":null}},"13":{"start":{"line":21,"column":8},"end":{"line":21,"column":null}},"14":{"start":{"line":23,"column":8},"end":{"line":73,"column":null}},"15":{"start":{"line":25,"column":32},"end":{"line":25,"column":null}},"16":{"start":{"line":27,"column":12},"end":{"line":54,"column":null}},"17":{"start":{"line":28,"column":16},"end":{"line":30,"column":null}},"18":{"start":{"line":31,"column":16},"end":{"line":33,"column":null}},"19":{"start":{"line":32,"column":20},"end":{"line":32,"column":null}},"20":{"start":{"line":34,"column":12},"end":{"line":54,"column":null}},"21":{"start":{"line":35,"column":16},"end":{"line":35,"column":null}},"22":{"start":{"line":37,"column":16},"end":{"line":47,"column":null}},"23":{"start":{"line":48,"column":16},"end":{"line":53,"column":null}},"24":{"start":{"line":49,"column":20},"end":{"line":49,"column":null}},"25":{"start":{"line":50,"column":20},"end":{"line":50,"column":null}},"26":{"start":{"line":51,"column":20},"end":{"line":51,"column":null}},"27":{"start":{"line":52,"column":20},"end":{"line":52,"column":null}},"28":{"start":{"line":56,"column":12},"end":{"line":56,"column":null}},"29":{"start":{"line":56,"column":30},"end":{"line":56,"column":null}},"30":{"start":{"line":58,"column":12},"end":{"line":67,"column":null}},"31":{"start":{"line":59,"column":16},"end":{"line":64,"column":null}},"32":{"start":{"line":60,"column":20},"end":{"line":60,"column":null}},"33":{"start":{"line":61,"column":20},"end":{"line":61,"column":null}},"34":{"start":{"line":63,"column":20},"end":{"line":63,"column":null}},"35":{"start":{"line":65,"column":12},"end":{"line":67,"column":null}},"36":{"start":{"line":66,"column":16},"end":{"line":66,"column":null}},"37":{"start":{"line":70,"column":12},"end":{"line":70,"column":null}},"38":{"start":{"line":72,"column":12},"end":{"line":72,"column":null}},"39":{"start":{"line":76,"column":4},"end":{"line":184,"column":null}},"40":{"start":{"line":105,"column":45},"end":{"line":105,"column":null}},"41":{"start":{"line":119,"column":49},"end":{"line":119,"column":null}},"42":{"start":{"line":134,"column":53},"end":{"line":134,"column":null}},"43":{"start":{"line":145,"column":53},"end":{"line":145,"column":null}},"44":{"start":{"line":160,"column":43},"end":{"line":160,"column":null}},"45":{"start":{"line":170,"column":28},"end":{"line":174,"column":null}},"46":{"start":{"line":171,"column":32},"end":{"line":171,"column":null}},"47":{"start":{"line":173,"column":32},"end":{"line":173,"column":null}},"48":{"start":{"line":175,"column":28},"end":{"line":175,"column":null}},"49":{"start":{"line":176,"column":28},"end":{"line":176,"column":null}}},"fnMap":{"0":{"name":"Auth","decl":{"start":{"line":5,"column":16},"end":{"line":5,"column":21}},"loc":{"start":{"line":5,"column":40},"end":{"line":186,"column":null}},"line":5},"1":{"name":"(anonymous_1)","decl":{"start":{"line":17,"column":23},"end":{"line":17,"column":30}},"loc":{"start":{"line":17,"column":36},"end":{"line":74,"column":null}},"line":17},"2":{"name":"(anonymous_2)","decl":{"start":{"line":105,"column":38},"end":{"line":105,"column":39}},"loc":{"start":{"line":105,"column":45},"end":{"line":105,"column":null}},"line":105},"3":{"name":"(anonymous_3)","decl":{"start":{"line":119,"column":42},"end":{"line":119,"column":43}},"loc":{"start":{"line":119,"column":49},"end":{"line":119,"column":null}},"line":119},"4":{"name":"(anonymous_4)","decl":{"start":{"line":134,"column":46},"end":{"line":134,"column":47}},"loc":{"start":{"line":134,"column":53},"end":{"line":134,"column":null}},"line":134},"5":{"name":"(anonymous_5)","decl":{"start":{"line":145,"column":46},"end":{"line":145,"column":47}},"loc":{"start":{"line":145,"column":53},"end":{"line":145,"column":null}},"line":145},"6":{"name":"(anonymous_6)","decl":{"start":{"line":160,"column":37},"end":{"line":160,"column":43}},"loc":{"start":{"line":160,"column":43},"end":{"line":160,"column":null}},"line":160},"7":{"name":"(anonymous_7)","decl":{"start":{"line":169,"column":33},"end":{"line":169,"column":39}},"loc":{"start":{"line":169,"column":39},"end":{"line":177,"column":null}},"line":169}},"branchMap":{"0":{"loc":{"start":{"line":27,"column":12},"end":{"line":54,"column":null}},"type":"if","locations":[{"start":{"line":27,"column":12},"end":{"line":54,"column":null}},{"start":{"line":34,"column":12},"end":{"line":54,"column":null}}],"line":27},"1":{"loc":{"start":{"line":31,"column":16},"end":{"line":33,"column":null}},"type":"if","locations":[{"start":{"line":31,"column":16},"end":{"line":33,"column":null}},{"start":{},"end":{}}],"line":31},"2":{"loc":{"start":{"line":34,"column":12},"end":{"line":54,"column":null}},"type":"if","locations":[{"start":{"line":34,"column":12},"end":{"line":54,"column":null}},{"start":{"line":36,"column":19},"end":{"line":54,"column":null}}],"line":34},"3":{"loc":{"start":{"line":48,"column":16},"end":{"line":53,"column":null}},"type":"if","locations":[{"start":{"line":48,"column":16},"end":{"line":53,"column":null}},{"start":{},"end":{}}],"line":48},"4":{"loc":{"start":{"line":48,"column":20},"end":{"line":48,"column":84}},"type":"binary-expr","locations":[{"start":{"line":48,"column":20},"end":{"line":48,"column":41}},{"start":{"line":48,"column":41},"end":{"line":48,"column":84}}],"line":48},"5":{"loc":{"start":{"line":56,"column":12},"end":{"line":56,"column":null}},"type":"if","locations":[{"start":{"line":56,"column":12},"end":{"line":56,"column":null}},{"start":{},"end":{}}],"line":56},"6":{"loc":{"start":{"line":58,"column":12},"end":{"line":67,"column":null}},"type":"if","locations":[{"start":{"line":58,"column":12},"end":{"line":67,"column":null}},{"start":{"line":65,"column":12},"end":{"line":67,"column":null}}],"line":58},"7":{"loc":{"start":{"line":58,"column":16},"end":{"line":58,"column":68}},"type":"binary-expr","locations":[{"start":{"line":58,"column":16},"end":{"line":58,"column":28}},{"start":{"line":58,"column":28},"end":{"line":58,"column":49}},{"start":{"line":58,"column":49},"end":{"line":58,"column":68}}],"line":58},"8":{"loc":{"start":{"line":59,"column":16},"end":{"line":64,"column":null}},"type":"if","locations":[{"start":{"line":59,"column":16},"end":{"line":64,"column":null}},{"start":{"line":62,"column":23},"end":{"line":64,"column":null}}],"line":59},"9":{"loc":{"start":{"line":65,"column":12},"end":{"line":67,"column":null}},"type":"if","locations":[{"start":{"line":65,"column":12},"end":{"line":67,"column":null}},{"start":{},"end":{}}],"line":65},"10":{"loc":{"start":{"line":70,"column":24},"end":{"line":70,"column":64}},"type":"binary-expr","locations":[{"start":{"line":70,"column":24},"end":{"line":70,"column":51}},{"start":{"line":70,"column":51},"end":{"line":70,"column":64}}],"line":70},"11":{"loc":{"start":{"line":80,"column":21},"end":{"line":80,"column":null}},"type":"cond-expr","locations":[{"start":{"line":80,"column":40},"end":{"line":80,"column":62}},{"start":{"line":80,"column":62},"end":{"line":80,"column":null}}],"line":80},"12":{"loc":{"start":{"line":80,"column":62},"end":{"line":80,"column":null}},"type":"cond-expr","locations":[{"start":{"line":80,"column":72},"end":{"line":80,"column":86}},{"start":{"line":80,"column":86},"end":{"line":80,"column":null}}],"line":80},"13":{"loc":{"start":{"line":83,"column":17},"end":{"line":86,"column":null}},"type":"binary-expr","locations":[{"start":{"line":83,"column":17},"end":{"line":83,"column":null}},{"start":{"line":84,"column":20},"end":{"line":86,"column":null}}],"line":83},"14":{"loc":{"start":{"line":89,"column":17},"end":{"line":92,"column":null}},"type":"binary-expr","locations":[{"start":{"line":89,"column":17},"end":{"line":89,"column":null}},{"start":{"line":90,"column":20},"end":{"line":92,"column":null}}],"line":89},"15":{"loc":{"start":{"line":109,"column":21},"end":{"line":121,"column":null}},"type":"binary-expr","locations":[{"start":{"line":109,"column":21},"end":{"line":109,"column":null}},{"start":{"line":110,"column":24},"end":{"line":121,"column":null}}],"line":109},"16":{"loc":{"start":{"line":124,"column":21},"end":{"line":148,"column":null}},"type":"binary-expr","locations":[{"start":{"line":124,"column":21},"end":{"line":124,"column":33}},{"start":{"line":124,"column":33},"end":{"line":124,"column":null}},{"start":{"line":125,"column":24},"end":{"line":148,"column":null}}],"line":124},"17":{"loc":{"start":{"line":152,"column":25},"end":{"line":152,"column":null}},"type":"cond-expr","locations":[{"start":{"line":152,"column":35},"end":{"line":152,"column":54}},{"start":{"line":152,"column":54},"end":{"line":152,"column":null}}],"line":152},"18":{"loc":{"start":{"line":152,"column":54},"end":{"line":152,"column":null}},"type":"cond-expr","locations":[{"start":{"line":152,"column":73},"end":{"line":152,"column":91}},{"start":{"line":152,"column":91},"end":{"line":152,"column":null}}],"line":152},"19":{"loc":{"start":{"line":152,"column":91},"end":{"line":152,"column":null}},"type":"cond-expr","locations":[{"start":{"line":152,"column":101},"end":{"line":152,"column":118}},{"start":{"line":152,"column":118},"end":{"line":152,"column":null}}],"line":152},"20":{"loc":{"start":{"line":157,"column":21},"end":{"line":164,"column":null}},"type":"binary-expr","locations":[{"start":{"line":157,"column":21},"end":{"line":157,"column":42}},{"start":{"line":157,"column":42},"end":{"line":157,"column":null}},{"start":{"line":158,"column":24},"end":{"line":164,"column":null}}],"line":157},"21":{"loc":{"start":{"line":170,"column":28},"end":{"line":174,"column":null}},"type":"if","locations":[{"start":{"line":170,"column":28},"end":{"line":174,"column":null}},{"start":{"line":172,"column":35},"end":{"line":174,"column":null}}],"line":170},"22":{"loc":{"start":{"line":180,"column":25},"end":{"line":180,"column":null}},"type":"cond-expr","locations":[{"start":{"line":180,"column":44},"end":{"line":180,"column":71}},{"start":{"line":180,"column":71},"end":{"line":180,"column":null}}],"line":180},"23":{"loc":{"start":{"line":180,"column":71},"end":{"line":180,"column":null}},"type":"cond-expr","locations":[{"start":{"line":180,"column":81},"end":{"line":180,"column":119}},{"start":{"line":180,"column":119},"end":{"line":180,"column":null}}],"line":180}},"s":{"0":23,"1":23,"2":23,"3":23,"4":23,"5":23,"6":23,"7":23,"8":23,"9":23,"10":3,"11":3,"12":3,"13":3,"14":3,"15":3,"16":3,"17":1,"18":1,"19":1,"20":2,"21":1,"22":1,"23":1,"24":0,"25":0,"26":0,"27":0,"28":3,"29":0,"30":3,"31":1,"32":0,"33":0,"34":1,"35":2,"36":1,"37":0,"38":3,"39":23,"40":3,"41":2,"42":1,"43":1,"44":1,"45":2,"46":0,"47":2,"48":2,"49":2},"f":{"0":23,"1":3,"2":3,"3":2,"4":1,"5":1,"6":1,"7":2},"b":{"0":[1,2],"1":[1,0],"2":[1,1],"3":[0,1],"4":[1,1],"5":[0,3],"6":[1,2],"7":[3,1,1],"8":[0,1],"9":[1,1],"10":[0,0],"11":[4,19],"12":[11,8],"13":[23,0],"14":[23,1],"15":[23,19],"16":[23,8,8],"17":[3,20],"18":[3,17],"19":[10,7],"20":[23,19,11],"21":[0,2],"22":[4,19],"23":[11,8]},"meta":{"lastBranch":24,"lastFunction":8,"lastStatement":50,"seen":{"f:5:16:5:21":0,"s:6:30:6:Infinity":0,"s:7:26:7:Infinity":1,"s:8:32:8:Infinity":2,"s:9:30:9:Infinity":3,"s:10:32:10:Infinity":4,"s:11:32:11:Infinity":5,"s:12:26:12:Infinity":6,"s:14:48:14:Infinity":7,"s:15:36:15:Infinity":8,"s:17:23:74:Infinity":9,"f:17:23:17:30":1,"s:18:8:18:Infinity":10,"s:19:8:19:Infinity":11,"s:20:8:20:Infinity":12,"s:21:8:21:Infinity":13,"s:23:8:73:Infinity":14,"s:25:32:25:Infinity":15,"b:27:12:54:Infinity:34:12:54:Infinity":0,"s:27:12:54:Infinity":16,"s:28:16:30:Infinity":17,"b:31:16:33:Infinity:undefined:undefined:undefined:undefined":1,"s:31:16:33:Infinity":18,"s:32:20:32:Infinity":19,"b:34:12:54:Infinity:36:19:54:Infinity":2,"s:34:12:54:Infinity":20,"s:35:16:35:Infinity":21,"s:37:16:47:Infinity":22,"b:48:16:53:Infinity:undefined:undefined:undefined:undefined":3,"s:48:16:53:Infinity":23,"b:48:20:48:41:48:41:48:84":4,"s:49:20:49:Infinity":24,"s:50:20:50:Infinity":25,"s:51:20:51:Infinity":26,"s:52:20:52:Infinity":27,"b:56:12:56:Infinity:undefined:undefined:undefined:undefined":5,"s:56:12:56:Infinity":28,"s:56:30:56:Infinity":29,"b:58:12:67:Infinity:65:12:67:Infinity":6,"s:58:12:67:Infinity":30,"b:58:16:58:28:58:28:58:49:58:49:58:68":7,"b:59:16:64:Infinity:62:23:64:Infinity":8,"s:59:16:64:Infinity":31,"s:60:20:60:Infinity":32,"s:61:20:61:Infinity":33,"s:63:20:63:Infinity":34,"b:65:12:67:Infinity:undefined:undefined:undefined:undefined":9,"s:65:12:67:Infinity":35,"s:66:16:66:Infinity":36,"s:70:12:70:Infinity":37,"b:70:24:70:51:70:51:70:64":10,"s:72:12:72:Infinity":38,"s:76:4:184:Infinity":39,"b:80:40:80:62:80:62:80:Infinity":11,"b:80:72:80:86:80:86:80:Infinity":12,"b:83:17:83:Infinity:84:20:86:Infinity":13,"b:89:17:89:Infinity:90:20:92:Infinity":14,"f:105:38:105:39":2,"s:105:45:105:Infinity":40,"b:109:21:109:Infinity:110:24:121:Infinity":15,"f:119:42:119:43":3,"s:119:49:119:Infinity":41,"b:124:21:124:33:124:33:124:Infinity:125:24:148:Infinity":16,"f:134:46:134:47":4,"s:134:53:134:Infinity":42,"f:145:46:145:47":5,"s:145:53:145:Infinity":43,"b:152:35:152:54:152:54:152:Infinity":17,"b:152:73:152:91:152:91:152:Infinity":18,"b:152:101:152:118:152:118:152:Infinity":19,"b:157:21:157:42:157:42:157:Infinity:158:24:164:Infinity":20,"f:160:37:160:43":6,"s:160:43:160:Infinity":44,"f:169:33:169:39":7,"b:170:28:174:Infinity:172:35:174:Infinity":21,"s:170:28:174:Infinity":45,"s:171:32:171:Infinity":46,"s:173:32:173:Infinity":47,"s:175:28:175:Infinity":48,"s:176:28:176:Infinity":49,"b:180:44:180:71:180:71:180:Infinity":22,"b:180:81:180:119:180:119:180:Infinity":23}}}
,"C:\\Users\\USER\\OneDrive\\Documents\\2025\\2026\\Projets\\ANTIGRAVITY\\job-tracker\\src\\components\\auth\\UserProfile.jsx": {"path":"C:\\Users\\USER\\OneDrive\\Documents\\2025\\2026\\Projets\\ANTIGRAVITY\\job-tracker\\src\\components\\auth\\UserProfile.jsx","statementMap":{"0":{"start":{"line":6,"column":30},"end":{"line":6,"column":null}},"1":{"start":{"line":7,"column":32},"end":{"line":7,"column":null}},"2":{"start":{"line":8,"column":26},"end":{"line":8,"column":null}},"3":{"start":{"line":9,"column":22},"end":{"line":9,"column":null}},"4":{"start":{"line":11,"column":4},"end":{"line":16,"column":null}},"5":{"start":{"line":12,"column":8},"end":{"line":15,"column":null}},"6":{"start":{"line":13,"column":12},"end":{"line":13,"column":null}},"7":{"start":{"line":14,"column":12},"end":{"line":14,"column":null}},"8":{"start":{"line":18,"column":25},"end":{"line":38,"column":null}},"9":{"start":{"line":19,"column":8},"end":{"line":19,"column":null}},"10":{"start":{"line":20,"column":8},"end":{"line":20,"column":null}},"11":{"start":{"line":21,"column":8},"end":{"line":21,"column":null}},"12":{"start":{"line":23,"column":8},"end":{"line":37,"column":null}},"13":{"start":{"line":24,"column":30},"end":{"line":29,"column":null}},"14":{"start":{"line":31,"column":12},"end":{"line":31,"column":null}},"15":{"start":{"line":31,"column":23},"end":{"line":31,"column":null}},"16":{"start":{"line":32,"column":12},"end":{"line":32,"column":null}},"17":{"start":{"line":34,"column":12},"end":{"line":34,"column":null}},"18":{"start":{"line":36,"column":12},"end":{"line":36,"column":null}},"19":{"start":{"line":40,"column":4},"end":{"line":101,"column":null}},"20":{"start":{"line":76,"column":41},"end":{"line":76,"column":null}},"21":{"start":{"line":87,"column":41},"end":{"line":87,"column":null}}},"fnMap":{"0":{"name":"UserProfile","decl":{"start":{"line":5,"column":16},"end":{"line":5,"column":28}},"loc":{"start":{"line":5,"column":50},"end":{"line":103,"column":null}},"line":5},"1":{"name":"(anonymous_1)","decl":{"start":{"line":11,"column":14},"end":{"line":11,"column":20}},"loc":{"start":{"line":11,"column":20},"end":{"line":16,"column":7}},"line":11},"2":{"name":"(anonymous_2)","decl":{"start":{"line":18,"column":25},"end":{"line":18,"column":32}},"loc":{"start":{"line":18,"column":38},"end":{"line":38,"column":null}},"line":18},"3":{"name":"(anonymous_3)","decl":{"start":{"line":76,"column":34},"end":{"line":76,"column":35}},"loc":{"start":{"line":76,"column":41},"end":{"line":76,"column":null}},"line":76},"4":{"name":"(anonymous_4)","decl":{"start":{"line":87,"column":34},"end":{"line":87,"column":35}},"loc":{"start":{"line":87,"column":41},"end":{"line":87,"column":null}},"line":87}},"branchMap":{"0":{"loc":{"start":{"line":7,"column":45},"end":{"line":7,"column":90}},"type":"binary-expr","locations":[{"start":{"line":7,"column":45},"end":{"line":7,"column":88}},{"start":{"line":7,"column":88},"end":{"line":7,"column":90}}],"line":7},"1":{"loc":{"start":{"line":8,"column":39},"end":{"line":8,"column":87}},"type":"binary-expr","locations":[{"start":{"line":8,"column":39},"end":{"line":8,"column":85}},{"start":{"line":8,"column":85},"end":{"line":8,"column":87}}],"line":8},"2":{"loc":{"start":{"line":12,"column":8},"end":{"line":15,"column":null}},"type":"if","locations":[{"start":{"line":12,"column":8},"end":{"line":15,"column":null}},{"start":{},"end":{}}],"line":12},"3":{"loc":{"start":{"line":13,"column":24},"end":{"line":13,"column":66}},"type":"binary-expr","locations":[{"start":{"line":13,"column":24},"end":{"line":13,"column":64}},{"start":{"line":13,"column":64},"end":{"line":13,"column":66}}],"line":13},"4":{"loc":{"start":{"line":14,"column":21},"end":{"line":14,"column":66}},"type":"binary-expr","locations":[{"start":{"line":14,"column":21},"end":{"line":14,"column":64}},{"start":{"line":14,"column":64},"end":{"line":14,"column":66}}],"line":14},"5":{"loc":{"start":{"line":31,"column":12},"end":{"line":31,"column":null}},"type":"if","locations":[{"start":{"line":31,"column":12},"end":{"line":31,"column":null}},{"start":{},"end":{}}],"line":31},"6":{"loc":{"start":{"line":44,"column":13},"end":{"line":54,"column":null}},"type":"binary-expr","locations":[{"start":{"line":44,"column":13},"end":{"line":44,"column":null}},{"start":{"line":45,"column":16},"end":{"line":54,"column":null}}],"line":44},"7":{"loc":{"start":{"line":46,"column":37},"end":{"line":46,"column":null}},"type":"cond-expr","locations":[{"start":{"line":46,"column":60},"end":{"line":46,"column":87}},{"start":{"line":46,"column":87},"end":{"line":46,"column":null}}],"line":46},"8":{"loc":{"start":{"line":47,"column":27},"end":{"line":47,"column":null}},"type":"cond-expr","locations":[{"start":{"line":47,"column":50},"end":{"line":47,"column":77}},{"start":{"line":47,"column":77},"end":{"line":47,"column":null}}],"line":47},"9":{"loc":{"start":{"line":64,"column":31},"end":{"line":64,"column":null}},"type":"binary-expr","locations":[{"start":{"line":64,"column":31},"end":{"line":64,"column":55}},{"start":{"line":64,"column":55},"end":{"line":64,"column":null}}],"line":64},"10":{"loc":{"start":{"line":97,"column":25},"end":{"line":97,"column":null}},"type":"cond-expr","locations":[{"start":{"line":97,"column":35},"end":{"line":97,"column":57}},{"start":{"line":97,"column":57},"end":{"line":97,"column":null}}],"line":97}},"s":{"0":12,"1":12,"2":12,"3":12,"4":12,"5":4,"6":4,"7":4,"8":12,"9":2,"10":2,"11":2,"12":2,"13":2,"14":2,"15":1,"16":1,"17":1,"18":2,"19":12,"20":1,"21":1},"f":{"0":12,"1":4,"2":2,"3":1,"4":1},"b":{"0":[12,0],"1":[12,0],"2":[4,0],"3":[4,0],"4":[4,0],"5":[1,1],"6":[12,2],"7":[1,1],"8":[1,1],"9":[12,0],"10":[3,9]},"meta":{"lastBranch":11,"lastFunction":5,"lastStatement":22,"seen":{"f:5:16:5:28":0,"s:6:30:6:Infinity":0,"s:7:32:7:Infinity":1,"b:7:45:7:88:7:88:7:90":0,"s:8:26:8:Infinity":2,"b:8:39:8:85:8:85:8:87":1,"s:9:22:9:Infinity":3,"s:11:4:16:Infinity":4,"f:11:14:11:20":1,"b:12:8:15:Infinity:undefined:undefined:undefined:undefined":2,"s:12:8:15:Infinity":5,"s:13:12:13:Infinity":6,"b:13:24:13:64:13:64:13:66":3,"s:14:12:14:Infinity":7,"b:14:21:14:64:14:64:14:66":4,"s:18:25:38:Infinity":8,"f:18:25:18:32":2,"s:19:8:19:Infinity":9,"s:20:8:20:Infinity":10,"s:21:8:21:Infinity":11,"s:23:8:37:Infinity":12,"s:24:30:29:Infinity":13,"b:31:12:31:Infinity:undefined:undefined:undefined:undefined":5,"s:31:12:31:Infinity":14,"s:31:23:31:Infinity":15,"s:32:12:32:Infinity":16,"s:34:12:34:Infinity":17,"s:36:12:36:Infinity":18,"s:40:4:101:Infinity":19,"b:44:13:44:Infinity:45:16:54:Infinity":6,"b:46:60:46:87:46:87:46:Infinity":7,"b:47:50:47:77:47:77:47:Infinity":8,"b:64:31:64:55:64:55:64:Infinity":9,"f:76:34:76:35":3,"s:76:41:76:Infinity":20,"f:87:34:87:35":4,"s:87:41:87:Infinity":21,"b:97:35:97:57:97:57:97:Infinity":10}}}
,"C:\\Users\\USER\\OneDrive\\Documents\\2025\\2026\\Projets\\ANTIGRAVITY\\job-tracker\\src\\components\\common\\Footer.jsx": {"path":"C:\\Users\\USER\\OneDrive\\Documents\\2025\\2026\\Projets\\ANTIGRAVITY\\job-tracker\\src\\components\\common\\Footer.jsx","statementMap":{"0":{"start":{"line":5,"column":26},"end":{"line":5,"column":null}},"1":{"start":{"line":6,"column":36},"end":{"line":6,"column":null}},"2":{"start":{"line":7,"column":30},"end":{"line":7,"column":null}},"3":{"start":{"line":9,"column":28},"end":{"line":21,"column":null}},"4":{"start":{"line":10,"column":8},"end":{"line":10,"column":null}},"5":{"start":{"line":11,"column":8},"end":{"line":11,"column":null}},"6":{"start":{"line":11,"column":20},"end":{"line":11,"column":null}},"7":{"start":{"line":13,"column":8},"end":{"line":13,"column":null}},"8":{"start":{"line":15,"column":8},"end":{"line":20,"column":null}},"9":{"start":{"line":16,"column":12},"end":{"line":16,"column":null}},"10":{"start":{"line":17,"column":12},"end":{"line":17,"column":null}},"11":{"start":{"line":18,"column":12},"end":{"line":18,"column":null}},"12":{"start":{"line":19,"column":12},"end":{"line":19,"column":null}},"13":{"start":{"line":19,"column":29},"end":{"line":19,"column":51}},"14":{"start":{"line":23,"column":4},"end":{"line":56,"column":null}},"15":{"start":{"line":37,"column":41},"end":{"line":37,"column":null}}},"fnMap":{"0":{"name":"Footer","decl":{"start":{"line":4,"column":16},"end":{"line":4,"column":25}},"loc":{"start":{"line":4,"column":25},"end":{"line":58,"column":null}},"line":4},"1":{"name":"(anonymous_1)","decl":{"start":{"line":9,"column":28},"end":{"line":9,"column":29}},"loc":{"start":{"line":9,"column":35},"end":{"line":21,"column":null}},"line":9},"2":{"name":"(anonymous_2)","decl":{"start":{"line":15,"column":19},"end":{"line":15,"column":25}},"loc":{"start":{"line":15,"column":25},"end":{"line":20,"column":11}},"line":15},"3":{"name":"(anonymous_3)","decl":{"start":{"line":19,"column":23},"end":{"line":19,"column":29}},"loc":{"start":{"line":19,"column":29},"end":{"line":19,"column":51}},"line":19},"4":{"name":"(anonymous_4)","decl":{"start":{"line":37,"column":34},"end":{"line":37,"column":35}},"loc":{"start":{"line":37,"column":41},"end":{"line":37,"column":null}},"line":37}},"branchMap":{"0":{"loc":{"start":{"line":11,"column":8},"end":{"line":11,"column":null}},"type":"if","locations":[{"start":{"line":11,"column":8},"end":{"line":11,"column":null}},{"start":{},"end":{}}],"line":11},"1":{"loc":{"start":{"line":45,"column":25},"end":{"line":45,"column":null}},"type":"cond-expr","locations":[{"start":{"line":45,"column":35},"end":{"line":45,"column":44}},{"start":{"line":45,"column":44},"end":{"line":45,"column":null}}],"line":45},"2":{"loc":{"start":{"line":45,"column":44},"end":{"line":45,"column":null}},"type":"cond-expr","locations":[{"start":{"line":45,"column":57},"end":{"line":45,"column":63}},{"start":{"line":45,"column":63},"end":{"line":45,"column":null}}],"line":45},"3":{"loc":{"start":{"line":48,"column":17},"end":{"line":49,"column":null}},"type":"binary-expr","locations":[{"start":{"line":48,"column":17},"end":{"line":48,"column":null}},{"start":{"line":49,"column":20},"end":{"line":49,"column":null}}],"line":48}},"s":{"0":5,"1":5,"2":5,"3":5,"4":0,"5":0,"6":0,"7":0,"8":0,"9":0,"10":0,"11":0,"12":0,"13":0,"14":5,"15":0},"f":{"0":5,"1":0,"2":0,"3":0,"4":0},"b":{"0":[0,0],"1":[0,5],"2":[0,5],"3":[5,0]},"meta":{"lastBranch":4,"lastFunction":5,"lastStatement":16,"seen":{"f:4:16:4:25":0,"s:5:26:5:Infinity":0,"s:6:36:6:Infinity":1,"s:7:30:7:Infinity":2,"s:9:28:21:Infinity":3,"f:9:28:9:29":1,"s:10:8:10:Infinity":4,"b:11:8:11:Infinity:undefined:undefined:undefined:undefined":0,"s:11:8:11:Infinity":5,"s:11:20:11:Infinity":6,"s:13:8:13:Infinity":7,"s:15:8:20:Infinity":8,"f:15:19:15:25":2,"s:16:12:16:Infinity":9,"s:17:12:17:Infinity":10,"s:18:12:18:Infinity":11,"s:19:12:19:Infinity":12,"f:19:23:19:29":3,"s:19:29:19:51":13,"s:23:4:56:Infinity":14,"f:37:34:37:35":4,"s:37:41:37:Infinity":15,"b:45:35:45:44:45:44:45:Infinity":1,"b:45:57:45:63:45:63:45:Infinity":2,"b:48:17:48:Infinity:49:20:49:Infinity":3}}}
,"C:\\Users\\USER\\OneDrive\\Documents\\2025\\2026\\Projets\\ANTIGRAVITY\\job-tracker\\src\\components\\common\\Footer.module.css": {"path":"C:\\Users\\USER\\OneDrive\\Documents\\2025\\2026\\Projets\\ANTIGRAVITY\\job-tracker\\src\\components\\common\\Footer.module.css","statementMap":{},"fnMap":{},"branchMap":{},"s":{},"f":{},"b":{},"meta":{"lastBranch":0,"lastFunction":0,"lastStatement":0,"seen":{}}}
,"C:\\Users\\USER\\OneDrive\\Documents\\2025\\2026\\Projets\\ANTIGRAVITY\\job-tracker\\src\\components\\todo\\TodoForm.jsx": {"path":"C:\\Users\\USER\\OneDrive\\Documents\\2025\\2026\\Projets\\ANTIGRAVITY\\job-tracker\\src\\components\\todo\\TodoForm.jsx","statementMap":{"0":{"start":{"line":5,"column":26},"end":{"line":5,"column":null}},"1":{"start":{"line":6,"column":32},"end":{"line":6,"column":null}},"2":{"start":{"line":7,"column":24},"end":{"line":7,"column":null}},"3":{"start":{"line":8,"column":32},"end":{"line":8,"column":null}},"4":{"start":{"line":9,"column":24},"end":{"line":9,"column":null}},"5":{"start":{"line":11,"column":25},"end":{"line":20,"column":null}},"6":{"start":{"line":12,"column":8},"end":{"line":19,"column":null}},"7":{"start":{"line":13,"column":12},"end":{"line":13,"column":null}},"8":{"start":{"line":14,"column":27},"end":{"line":14,"column":null}},"9":{"start":{"line":15,"column":12},"end":{"line":17,"column":null}},"10":{"start":{"line":16,"column":16},"end":{"line":16,"column":null}},"11":{"start":{"line":18,"column":12},"end":{"line":18,"column":null}},"12":{"start":{"line":22,"column":22},"end":{"line":24,"column":null}},"13":{"start":{"line":23,"column":8},"end":{"line":23,"column":null}},"14":{"start":{"line":23,"column":42},"end":{"line":23,"column":65}},"15":{"start":{"line":26,"column":25},"end":{"line":42,"column":null}},"16":{"start":{"line":27,"column":8},"end":{"line":27,"column":null}},"17":{"start":{"line":28,"column":8},"end":{"line":28,"column":null}},"18":{"start":{"line":28,"column":27},"end":{"line":28,"column":null}},"19":{"start":{"line":30,"column":8},"end":{"line":36,"column":null}},"20":{"start":{"line":38,"column":8},"end":{"line":38,"column":null}},"21":{"start":{"line":39,"column":8},"end":{"line":39,"column":null}},"22":{"start":{"line":40,"column":8},"end":{"line":40,"column":null}},"23":{"start":{"line":41,"column":8},"end":{"line":41,"column":null}},"24":{"start":{"line":44,"column":4},"end":{"line":103,"column":null}},"25":{"start":{"line":51,"column":37},"end":{"line":51,"column":null}},"26":{"start":{"line":61,"column":37},"end":{"line":61,"column":null}},"27":{"start":{"line":74,"column":37},"end":{"line":74,"column":null}},"28":{"start":{"line":81,"column":24},"end":{"line":84,"column":null}},"29":{"start":{"line":83,"column":49},"end":{"line":83,"column":67}},"30":{"start":{"line":90,"column":41},"end":{"line":90,"column":null}}},"fnMap":{"0":{"name":"TodoForm","decl":{"start":{"line":4,"column":16},"end":{"line":4,"column":25}},"loc":{"start":{"line":4,"column":36},"end":{"line":105,"column":null}},"line":4},"1":{"name":"(anonymous_1)","decl":{"start":{"line":11,"column":25},"end":{"line":11,"column":26}},"loc":{"start":{"line":11,"column":32},"end":{"line":20,"column":null}},"line":11},"2":{"name":"(anonymous_2)","decl":{"start":{"line":22,"column":22},"end":{"line":22,"column":23}},"loc":{"start":{"line":22,"column":41},"end":{"line":24,"column":null}},"line":22},"3":{"name":"(anonymous_3)","decl":{"start":{"line":23,"column":28},"end":{"line":23,"column":29}},"loc":{"start":{"line":23,"column":42},"end":{"line":23,"column":65}},"line":23},"4":{"name":"(anonymous_4)","decl":{"start":{"line":26,"column":25},"end":{"line":26,"column":26}},"loc":{"start":{"line":26,"column":32},"end":{"line":42,"column":null}},"line":26},"5":{"name":"(anonymous_5)","decl":{"start":{"line":51,"column":30},"end":{"line":51,"column":31}},"loc":{"start":{"line":51,"column":37},"end":{"line":51,"column":null}},"line":51},"6":{"name":"(anonymous_6)","decl":{"start":{"line":61,"column":30},"end":{"line":61,"column":31}},"loc":{"start":{"line":61,"column":37},"end":{"line":61,"column":null}},"line":61},"7":{"name":"(anonymous_7)","decl":{"start":{"line":74,"column":30},"end":{"line":74,"column":31}},"loc":{"start":{"line":74,"column":37},"end":{"line":74,"column":null}},"line":74},"8":{"name":"(anonymous_8)","decl":{"start":{"line":80,"column":30},"end":{"line":80,"column":31}},"loc":{"start":{"line":81,"column":24},"end":{"line":84,"column":null}},"line":81},"9":{"name":"(anonymous_9)","decl":{"start":{"line":83,"column":43},"end":{"line":83,"column":49}},"loc":{"start":{"line":83,"column":49},"end":{"line":83,"column":67}},"line":83},"10":{"name":"(anonymous_10)","decl":{"start":{"line":90,"column":34},"end":{"line":90,"column":35}},"loc":{"start":{"line":90,"column":41},"end":{"line":90,"column":null}},"line":90}},"branchMap":{"0":{"loc":{"start":{"line":12,"column":8},"end":{"line":19,"column":null}},"type":"if","locations":[{"start":{"line":12,"column":8},"end":{"line":19,"column":null}},{"start":{},"end":{}}],"line":12},"1":{"loc":{"start":{"line":12,"column":8},"end":{"line":12,"column":69}},"type":"binary-expr","locations":[{"start":{"line":12,"column":13},"end":{"line":12,"column":34}},{"start":{"line":12,"column":34},"end":{"line":12,"column":52}},{"start":{"line":12,"column":52},"end":{"line":12,"column":69}}],"line":12},"2":{"loc":{"start":{"line":15,"column":12},"end":{"line":17,"column":null}},"type":"if","locations":[{"start":{"line":15,"column":12},"end":{"line":17,"column":null}},{"start":{},"end":{}}],"line":15},"3":{"loc":{"start":{"line":15,"column":16},"end":{"line":15,"column":50}},"type":"binary-expr","locations":[{"start":{"line":15,"column":16},"end":{"line":15,"column":26}},{"start":{"line":15,"column":26},"end":{"line":15,"column":50}}],"line":15},"4":{"loc":{"start":{"line":28,"column":8},"end":{"line":28,"column":null}},"type":"if","locations":[{"start":{"line":28,"column":8},"end":{"line":28,"column":null}},{"start":{},"end":{}}],"line":28},"5":{"loc":{"start":{"line":33,"column":18},"end":{"line":33,"column":null}},"type":"binary-expr","locations":[{"start":{"line":33,"column":18},"end":{"line":33,"column":26}},{"start":{"line":33,"column":26},"end":{"line":33,"column":null}}],"line":33}},"s":{"0":23,"1":23,"2":23,"3":23,"4":23,"5":23,"6":4,"7":4,"8":4,"9":4,"10":4,"11":4,"12":23,"13":1,"14":1,"15":23,"16":1,"17":1,"18":0,"19":1,"20":1,"21":1,"22":1,"23":1,"24":23,"25":1,"26":1,"27":0,"28":4,"29":1,"30":4},"f":{"0":23,"1":4,"2":1,"3":1,"4":1,"5":1,"6":1,"7":0,"8":4,"9":1,"10":4},"b":{"0":[4,0],"1":[4,1,4],"2":[4,0],"3":[4,4],"4":[0,1],"5":[1,1]},"meta":{"lastBranch":6,"lastFunction":11,"lastStatement":31,"seen":{"f:4:16:4:25":0,"s:5:26:5:Infinity":0,"s:6:32:6:Infinity":1,"s:7:24:7:Infinity":2,"s:8:32:8:Infinity":3,"s:9:24:9:Infinity":4,"s:11:25:20:Infinity":5,"f:11:25:11:26":1,"b:12:8:19:Infinity:undefined:undefined:undefined:undefined":0,"s:12:8:19:Infinity":6,"b:12:13:12:34:12:34:12:52:12:52:12:69":1,"s:13:12:13:Infinity":7,"s:14:27:14:Infinity":8,"b:15:12:17:Infinity:undefined:undefined:undefined:undefined":2,"s:15:12:17:Infinity":9,"b:15:16:15:26:15:26:15:50":3,"s:16:16:16:Infinity":10,"s:18:12:18:Infinity":11,"s:22:22:24:Infinity":12,"f:22:22:22:23":2,"s:23:8:23:Infinity":13,"f:23:28:23:29":3,"s:23:42:23:65":14,"s:26:25:42:Infinity":15,"f:26:25:26:26":4,"s:27:8:27:Infinity":16,"b:28:8:28:Infinity:undefined:undefined:undefined:undefined":4,"s:28:8:28:Infinity":17,"s:28:27:28:Infinity":18,"s:30:8:36:Infinity":19,"b:33:18:33:26:33:26:33:Infinity":5,"s:38:8:38:Infinity":20,"s:39:8:39:Infinity":21,"s:40:8:40:Infinity":22,"s:41:8:41:Infinity":23,"s:44:4:103:Infinity":24,"f:51:30:51:31":5,"s:51:37:51:Infinity":25,"f:61:30:61:31":6,"s:61:37:61:Infinity":26,"f:74:30:74:31":7,"s:74:37:74:Infinity":27,"f:80:30:80:31":8,"s:81:24:84:Infinity":28,"f:83:43:83:49":9,"s:83:49:83:67":29,"f:90:34:90:35":10,"s:90:41:90:Infinity":30}}}
,"C:\\Users\\USER\\OneDrive\\Documents\\2025\\2026\\Projets\\ANTIGRAVITY\\job-tracker\\src\\components\\todo\\TodoForm.module.css": {"path":"C:\\Users\\USER\\OneDrive\\Documents\\2025\\2026\\Projets\\ANTIGRAVITY\\job-tracker\\src\\components\\todo\\TodoForm.module.css","statementMap":{},"fnMap":{},"branchMap":{},"s":{},"f":{},"b":{},"meta":{"lastBranch":0,"lastFunction":0,"lastStatement":0,"seen":{}}}
,"C:\\Users\\USER\\OneDrive\\Documents\\2025\\2026\\Projets\\ANTIGRAVITY\\job-tracker\\src\\components\\todo\\TodoItem.jsx": {"path":"C:\\Users\\USER\\OneDrive\\Documents\\2025\\2026\\Projets\\ANTIGRAVITY\\job-tracker\\src\\components\\todo\\TodoItem.jsx","statementMap":{"0":{"start":{"line":4,"column":28},"end":{"line":10,"column":null}},"1":{"start":{"line":5,"column":8},"end":{"line":5,"column":null}},"2":{"start":{"line":5,"column":23},"end":{"line":5,"column":null}},"3":{"start":{"line":6,"column":8},"end":{"line":6,"column":null}},"4":{"start":{"line":7,"column":8},"end":{"line":7,"column":null}},"5":{"start":{"line":8,"column":8},"end":{"line":8,"column":null}},"6":{"start":{"line":9,"column":8},"end":{"line":9,"column":null}},"7":{"start":{"line":12,"column":27},"end":{"line":15,"column":null}},"8":{"start":{"line":13,"column":26},"end":{"line":13,"column":null}},"9":{"start":{"line":14,"column":8},"end":{"line":14,"column":null}},"10":{"start":{"line":17,"column":23},"end":{"line":25,"column":null}},"11":{"start":{"line":18,"column":8},"end":{"line":18,"column":null}},"12":{"start":{"line":18,"column":22},"end":{"line":18,"column":null}},"13":{"start":{"line":19,"column":21},"end":{"line":19,"column":null}},"14":{"start":{"line":20,"column":8},"end":{"line":24,"column":null}},"15":{"start":{"line":27,"column":19},"end":{"line":27,"column":null}},"16":{"start":{"line":29,"column":4},"end":{"line":67,"column":null}},"17":{"start":{"line":30,"column":8},"end":{"line":65,"column":null}},"18":{"start":{"line":59,"column":32},"end":{"line":59,"column":null}},"19":{"start":{"line":64,"column":39},"end":{"line":64,"column":58}},"20":{"start":{"line":69,"column":4},"end":{"line":102,"column":null}},"21":{"start":{"line":94,"column":24},"end":{"line":94,"column":null}},"22":{"start":{"line":100,"column":39},"end":{"line":100,"column":58}}},"fnMap":{"0":{"name":"TodoItem","decl":{"start":{"line":3,"column":16},"end":{"line":3,"column":25}},"loc":{"start":{"line":3,"column":79},"end":{"line":104,"column":null}},"line":3},"1":{"name":"(anonymous_1)","decl":{"start":{"line":4,"column":28},"end":{"line":4,"column":29}},"loc":{"start":{"line":4,"column":35},"end":{"line":10,"column":null}},"line":4},"2":{"name":"(anonymous_2)","decl":{"start":{"line":12,"column":27},"end":{"line":12,"column":33}},"loc":{"start":{"line":12,"column":33},"end":{"line":15,"column":null}},"line":12},"3":{"name":"(anonymous_3)","decl":{"start":{"line":17,"column":23},"end":{"line":17,"column":24}},"loc":{"start":{"line":17,"column":36},"end":{"line":25,"column":null}},"line":17},"4":{"name":"(anonymous_4)","decl":{"start":{"line":58,"column":56},"end":{"line":58,"column":57}},"loc":{"start":{"line":59,"column":32},"end":{"line":59,"column":null}},"line":59},"5":{"name":"(anonymous_5)","decl":{"start":{"line":64,"column":33},"end":{"line":64,"column":39}},"loc":{"start":{"line":64,"column":39},"end":{"line":64,"column":58}},"line":64},"6":{"name":"(anonymous_6)","decl":{"start":{"line":93,"column":48},"end":{"line":93,"column
[...]
,"C:\\Users\\USER\\OneDrive\\Documents\\2025\\2026\\Projets\\ANTIGRAVITY\\job-tracker\\src\\components\\todo\\TodoItem.module.css": {"path":"C:\\Users\\USER\\OneDrive\\Documents\\2025\\2026\\Projets\\ANTIGRAVITY\\job-tracker\\src\\components\\todo\\TodoItem.module.css","statementMap":{},"fnMap":{},"branchMap":{},"s":{},"f":{},"b":{},"meta":{"lastBranch":0,"lastFunction":0,"lastStatement":0,"seen":{}}}
,"C:\\Users\\USER\\OneDrive\\Documents\\2025\\2026\\Projets\\ANTIGRAVITY\\job-tracker\\src\\components\\todo\\TodoManager.jsx": {"path":"C:\\Users\\USER\\OneDrive\\Documents\\2025\\2026\\Projets\\ANTIGRAVITY\\job-tracker\\src\\components\\todo\\TodoManager.jsx","statementMap":{"0":{"start":{"line":9,"column":10},"end":{"line":9,"column":null}},"1":{"start":{"line":10,"column":26},"end":{"line":10,"column":null}},"2":{"start":{"line":11,"column":30},"end":{"line":11,"column":null}},"3":{"start":{"line":12,"column":24},"end":{"line":12,"column":null}},"4":{"start":{"line":14,"column":4},"end":{"line":16,"column":null}},"5":{"start":{"line":15,"column":8},"end":{"line":15,"column":null}},"6":{"start":{"line":15,"column":21},"end":{"line":15,"column":null}},"7":{"start":{"line":18,"column":23},"end":{"line":32,"column":null}},"8":{"start":{"line":19,"column":8},"end":{"line":19,"column":null}},"9":{"start":{"line":20,"column":8},"end":{"line":31,"column":null}},"10":{"start":{"line":21,"column":36},"end":{"line":24,"column":null}},"11":{"start":{"line":25,"column":12},"end":{"line":25,"column":null}},"12":{"start":{"line":25,"column":23},"end":{"line":25,"column":null}},"13":{"start":{"line":26,"column":12},"end":{"line":26,"column":null}},"14":{"start":{"line":28,"column":12},"end":{"line":28,"column":null}},"15":{"start":{"line":30,"column":12},"end":{"line":30,"column":null}},"16":{"start":{"line":34,"column":26},"end":{"line":52,"column":null}},"17":{"start":{"line":35,"column":8},"end":{"line":51,"column":null}},"18":{"start":{"line":36,"column":36},"end":{"line":39,"column":null}},"19":{"start":{"line":40,"column":12},"end":{"line":40,"column":null}},"20":{"start":{"line":40,"column":23},"end":{"line":40,"column":null}},"21":{"start":{"line":41,"column":12},"end":{"line":48,"column":null}},"22":{"start":{"line":42,"column":16},"end":{"line":42,"column":null}},"23":{"start":{"line":43,"column":16},"end":{"line":47,"column":null}},"24":{"start":{"line":50,"column":12},"end":{"line":50,"column":null}},"25":{"start":{"line":54,"column":29},"end":{"line":67,"column":null}},"26":{"start":{"line":55,"column":8},"end":{"line":55,"column":null}},"27":{"start":{"line":55,"column":56},"end":{"line":55,"column":null}},"28":{"start":{"line":56,"column":8},"end":{"line":66,"column":null}},"29":{"start":{"line":57,"column":30},"end":{"line":60,"column":null}},"30":{"start":{"line":61,"column":12},"end":{"line":61,"column":null}},"31":{"start":{"line":61,"column":23},"end":{"line":61,"column":null}},"32":{"start":{"line":62,"column":12},"end":{"line":62,"column":null}},"33":{"start":{"line":62,"column":39},"end":{"line":62,"column":50}},"34":{"start":{"line":63,"column":12},"end":{"line":63,"column":null}},"35":{"start":{"line":65,"column":12},"end":{"line":65,"column":null}},"36":{"start":{"line":69,"column":31},"end":{"line":88,"column":null}},"37":{"start":{"line":70,"column":30},"end":{"line":70,"column":null}},"38":{"start":{"line":71,"column":8},"end":{"line":71,"column":null}},"39":{"start":{"line":71,"column":32},"end":{"line":71,"column":77}},"40":{"start":{"line":73,"column":8},"end":{"line":87,"column":null}},"41":{"start":{"line":74,"column":30},"end":{"line":77,"column":null}},"42":{"start":{"line":79,"column":12},"end":{"line":81,"column":null}},"43":{"start":{"line":80,"column":16},"end":{"line":80,"column":null}},"44":{"start":{"line":83,"column":12},"end":{"line":83,"column":null}},"45":{"start":{"line":83,"column":23},"end":{"line":83,"column":null}},"46":{"start":{"line":85,"column":12},"end":{"line":85,"column":null}},"47":{"start":{"line":86,"column":12},"end":{"line":86,"column":null}},"48":{"start":{"line":90,"column":19},"end":{"line":96,"column":null}},"49":{"start":{"line":91,"column":8},"end":{"line":91,"column":null}},"50":{"start":{"line":92,"column":19},"end":{"line":92,"column":null}},"51":{"start":{"line":93,"column":8},"end":{"line":95,"column":null}},"52":{"start":{"line":94,"column":12},"end":{"line":94,"column":null}},"53":{"start":{"line":98,"column":20},"end":{"line":102,"column":null}},"54":{"start":{"line":104,"column":4},"end":{"line":104,"column":null}},"55":{"start":{"line":104,"column":17},"end":{"line":104,"column":null}},"56":{"start":{"line":106,"column":4},"end":{"line":188,"column":null}},"57":{"start":{"line":114,"column":43},"end":{"line":114,"column":null}},"58":{"start":{"line":120,"column":43},"end":{"line":120,"column":null}},"59":{"start":{"line":145,"column":32},"end":{"line":150,"column":null}},"60":{"start":{"line":158,"column":24},"end":{"line":184,"column":null}},"61":{"start":{"line":161,"column":47},"end":{"line":161,"column":null}},"62":{"start":{"line":162,"column":43},"end":{"line":162,"column":null}},"63":{"start":{"line":167,"column":55},"end":{"line":167,"column":74}},"64":{"start":{"line":172,"column":49},"end":{"line":172,"column":68}},"65":{"start":{"line":174,"column":40},"end":{"line":180,"column":null}}},"fnMap":{"0":{"name":"TodoManager","decl":{"start":{"line":8,"column":16},"end":{"line":8,"column":28}},"loc":{"start":{"line":8,"column":41},"end":{"line":190,"column":null}},"line":8},"1":{"name":"(anonymous_1)","decl":{"start":{"line":14,"column":14},"end":{"line":14,"column":20}},"loc":{"start":{"line":14,"column":20},"end":{"line":16,"column":7}},"line":14},"2":{"name":"(anonymous_2)","decl":{"start":{"line":18,"column":23},"end":{"line":18,"column":35}},"loc":{"start":{"line":18,"column":35},"end":{"line":32,"column":null}},"line":18},"3":{"name":"(anonymous_3)","decl":{"start":{"line":34,"column":26},"end":{"line":34,"column":33}},"loc":{"start":{"line":34,"column":45},"end":{"line":52,"column":null}},"line":34},"4":{"name":"(anonymous_4)","decl":{"start":{"line":54,"column":29},"end":{"line":54,"column":36}},"loc":{"start":{"line":54,"column":43},"end":{"line":67,"column":null}},"line":54},"5":{"name":"(anonymous_5)","decl":{"start":{"line":62,"column":34},"end":{"line":62,"column":39}},"loc":{"start":{"line":62,"column":39},"end":{"line":62,"column":50}},"line":62},"6":{"name":"(anonymous_6)","decl":{"start":{"line":69,"column":31},"end":{"line":69,"column":38}},"loc":{"start":{"line":69,"column":56},"end":{"line":88,"column":null}},"line":69},"7":{"name":"(anonymous_7)","decl":{"start":{"line":71,"column":27},"end":{"line":71,"column":32}},"loc":{"start":{"line":71,"column":32},"end":{"line":71,"column":77}},"line":71},"8":{"name":"(anonymous_8)","decl":{"start":{"line":90,"column":19},"end":{"line":90,"column":20}},"loc":{"start":{"line":90,"column":34},"end":{"line":96,"column":null}},"line":90},"9":{"name":"(anonymous_9)","decl":{"start":{"line":114,"column":37},"end":{"line":114,"column":43}},"loc":{"start":{"line":114,"column":43},"end":{"line":114,"column":null}},"line":114},"10":{"name":"(anonymous_10)","decl":{"start":{"line":120,"column":37},"end":{"line":120,"column":43}},"loc":{"start":{"line":120,"column":43},"end":{"line":120,"column":null}},"line":120},"11":{"name":"(anonymous_11)","decl":{"start":{"line":144,"column":38},"end":{"line":144,"column":null}},"loc":{"start":{"line":145,"column":32},"end":{"line":150,"column":null}},"line":145},"12":{"name":"(anonymous_12)","decl":{"start":{"line":157,"column":33},"end":{"line":157,"column":null}},"loc":{"start":{"line":158,"column":24},"end":{"line":184,"column":null}},"line":158},"13":{"name":"(anonymous_13)","decl":{"start":{"line":161,"column":40},"end":{"line":161,"column":41}},"loc":{"start":{"line":161,"column":47},"end":{"line":161,"column":null}},"line":161},"14":{"name":"(anonymous_14)","decl":{"start":{"line":162,"column":36},"end":{"line":162,"column":37}},"loc":{"start":{"line":162,"column":43},"end":{"line":162,"column":null}},"line":162},"15":{"name":"(anonymous_15)","decl":{"start":{"line":167,"column":50},"end":{"line":167,"column":55}},"loc":{"start":{"line":167,"column":55},"end":{"line":167,"column":74}},"line":167},"16":{"name":"(anonymous_16)","decl":{"start":{"line":172,"column":44},"end":{"line":172,"column":49}},"loc":{"start":{"line":172,"column":49},"end":{"line":172,"column":68}},"line":172},"17":{"name":"(anonymous_17)","decl":{"start":{"line":173,"column":41},"end":{"line":173,"column":null}},"loc":{"start":{"line":174,"column":40},"end":{"line":180,"column":null}},"line":174}},"branchMap":{"0":{"loc":{"start":{"line":15,"column":8},"end":{"line":15,"column":null}},"type":"if","locations":[{"start":{"line":15,"column":8},"end":{"line":15,"column":null}},{"start":{},"end":{}}],"line":15},"1":{"loc":{"start":{"line":25,"column":12},"end":{"line":25,"column":null}},"type":"if","locations":[{"start":{"line":25,"column":12},"end":{"line":25,"column":null}},{"start":{},"end":{}}],"line":25},"2":{"loc":{"start":{"line":26,"column":21},"end":{"line":26,"column":31}},"type":"binary-expr","locations":[{"start":{"line":26,"column":21},"end":{"line":26,"column":29}},{"start":{"line":26,"column":29},"end":{"line":26,"column":31}}],"line":26},"3":{"loc":{"start":{"line":40,"column":12},"end":{"line":40,"column":null}},"type":"if","locations":[{"start":{"line":40,"column":12},"end":{"line":40,"column":null}},{"start":{},"end":{}}],"line":40},"4":{"loc":{"start":{"line":41,"column":12},"end":{"line":48,"column":null}},"type":"if","locations":[{"start":{"line":41,"column":12},"end":{"line":48,"column":null}},{"start":{},"end":{}}],"line":41},"5":{"loc":{"start":{"line":46,"column":31},"end":{"line":46,"column":null}},"type":"binary-expr","locations":[{"start":{"line":46,"column":31},"end":{"line":46,"column":55}},{"start":{"line":46,"column":55},"end":{"line":46,"column":null}}],"line":46},"6":{"loc":{"start":{"line":55,"column":8},"end":{"line":55,"column":null}},"type":"if","locations":[{"start":{"line":55,"column":8},"end":{"line":55,"column":null}},{"start":{},"end":{}}],"line":55},"7":{"loc":{"start":{"line":61,"column":12},"end":{"line":61,"column":null}},"type":"if","locations":[{"start":{"line":61,"column":12},"end":{"line":61,"column":null}},{"start":{},"end":{}}],"line":61},"8":{"loc":{"start":{"line":71,"column":32},"end":{"line":71,"column":77}},"type":"cond-expr","locations":[{"start":{"line":71,"column":46},"end":{"line":71,"column":76}},{"start":{"line":71,"column":76},"end":{"line":71,"column":77}}],"line":71},"9":{"loc":{"start":{"line":79,"column":12},"end":{"line":81,"column":null}},"type":"if","locations":[{"start":{"line":79,"column":12},"end":{"line":81,"column":null}},{"start":{},"end":{}}],"line":79},"10":{"loc":{"start":{"line":83,"column":12},"end":{"line":83,"column":null}},"type":"if","locations":[{"start":{"line":83,"column":12},"end":{"line":83,"column":null}},{"start":{},"end":{}}],"line":83},"11":{"loc":{"start":{"line":93,"column":8},"end":{"line":95,"column":null}},"type":"if","locations":[{"start":{"line":93,"column":8},"end":{"line":95,"column":null}},{"start":{},"end":{}}],"line":93},"12":{"loc":{"start":{"line":104,"column":4},"end":{"line":104,"column":null}},"type":"if","locations":[{"start":{"line":104,"column":4},"end":{"line":104,"column":null}},{"start":{},"end":{}}],"line":104},"13":{"loc":{"start":{"line":113,"column":39},"end":{"line":113,"column":null}},"type":"cond-expr","locations":[{"start":{"line":113,"column":57},"end":{"line":113,"column":76}},{"start":{"line":113,"column":76},"end":{"line":113,"column":null}}],"line":113},"14":{"loc":{"start":{"line":119,"column":39},"end":{"line":119,"column":null}},"type":"cond-expr","locations":[{"start":{"line":119,"column":59},"end":{"line":119,"column":78}},{"start":{"line":119,"column":78},"end":{"line":119,"column":null}}],"line":119},"15":{"loc":{"start":{"line":128,"column":13},"end":{"line":186,"column":null}},"type":"cond-expr","locations":[{"start":{"line":129,"column":16},"end":{"line":154,"column":null}},{"start":{"line":156,"column":16},"end":{"line":186,"column":null}}],"line":128},"16":{"loc":{"start":{"line":141,"column":25},"end":{"line":151,"column":null}},"type":"cond-expr","locations":[{"start":{"line":142,"column":28},"end":{"line":142,"column":null}},{"start":{"line":144,"column":28},"end":{"line":151,"column":null}}],"line":141}},"s":{"0":13,"1":13,"2":13,"3":13,"4":13,"5":4,"6":4,"7":13,"8":4,"9":4,"10":4,"11":4,"12":0,"13":4,"14":0,"15":4,"16":13,"17":0,"18":0,"19":0,"20":0,"21":0,"22":0,"23":0,"24":0,"25":13,"26":1,"27":0,"28":1,"29":1,"30":1,"31":0,"32":1,"33":1,"34":1,"35":0,"36":13,"37":0,"38":0,"39":0,"40":0,"41":0,"42":0,"43":0,"44":0,"45":0,"46":0,"47":0,"48":13,"49":0,"50":0,"51":0,"52":0,"53":13,"54":13,"55":4,"56":8,"57":1,"58":1,"59":2,"60":3,"61":0,"62":0,"63":0,"64":0,"65":0},"f":{"0":13,"1":4,"2":4,"3":0,"4":1,"5":1,"6":0,"7":0,"8":0,"9":1,"10":1,"11":2,"12":3,"13":0,"14":0,"15":0,"16":0,"17":0},"b":{"0":[4,0],"1":[0,4],"2":[4,0],"3":[0,0],"4":[0,0],"5":[0,0],"6":[0,1],"7":[0,1],"8":[0,0],"9":[0,0],"10":[0,0],"11":[0,0],"12":[4,9],"13":[7,1],"14":[1,7],"15":[7,1],"16":[5,2]},"meta":{"lastBranch":17,"lastFunction":18,"lastStatement":66,"seen":{"f:8:16:8:28":0,"s:9:10:9:Infinity":0,"s:10:26:10:Infinity":1,"s:11:30:11:Infinity":2,"s:12:24:12:Infinity":3,"s:14:4:16:Infinity":4,"f:14:14:14:20":1,"b:15:8:15:Infinity:undefined:undefined:undefined:undefined":0,"s:15:8:15:Infinity":5,"s:15:21:15:Infinity":6,"s:18:23:32:Infinity":7,"f:18:23:18:35":2,"s:19:8:19:Infinity":8,"s:20:8:31:Infinity":9,"s:21:36:24:Infinity":10,"b:25:12:25:Infinity:undefined:undefined:undefined:undefined":1,"s:25:12:25:Infinity":11,"s:25:23:25:Infinity":12,"s:26:12:26:Infinity":13,"b:26:21:26:29:26:29:26:31":2,"s:28:12:28:Infinity":14,"s:30:12:30:Infinity":15,"s:34:26:52:Infinity":16,"f:34:26:34:33":3,"s:35:8:51:Infinity":17,"s:36:36:39:Infinity":18,"b:40:12:40:Infinity:undefined:undefined:undefined:undefined":3,"s:40:12:40:Infinity":19,"s:40:23:40:Infinity":20,"b:41:12:48:Infinity:undefined:undefined:undefined:undefined":4,"s:41:12:48:Infinity":21,"s:42:16:42:Infinity":22,"s:43:16:47:Infinity":23,"b:46:31:46:55:46:55:46:Infinity":5,"s:50:12:50:Infinity":24,"s:54:29:67:Infinity":25,"f:54:29:54:36":4,"b:55:8:55:Infinity:undefined:undefined:undefined:undefined":6,"s:55:8:55:Infinity":26,"s:55:56:55:Infinity":27,"s:56:8:66:Infinity":28,"s:57:30:60:Infinity":29,"b:61:12:61:Infinity:undefined:undefined:undefined:undefined":7,"s:61:12:61:Infinity":30,"s:61:23:61:Infinity":31,"s:62:12:62:Infinity":32,"f:62:34:62:39":5,"s:62:39:62:50":33,"s:63:12:63:Infinity":34,"s:65:12:65:Infinity":35,"s:69:31:88:Infinity":36,"f:69:31:69:38":6,"s:70:30:70:Infinity":37,"s:71:8:71:Infinity":38,"f:71:27:71:32":7,"s:71:32:71:77":39,"b:71:46:71:76:71:76:71:77":8,"s:73:8:87:Infinity":40,"s:74:30:77:Infinity":41,"b:79:12:81:Infinity:undefined:undefined:undefined:undefined":9,"s:79:12:81:Infinity":42,"s:80:16:80:Infinity":43,"b:83:12:83:Infinity:undefined:undefined:undefined:undefined":10,"s:83:12:83:Infinity":44,"s:83:23:83:Infinity":45,"s:85:12:85:Infinity":46,"s:86:12:86:Infinity":47,"s:90:19:96:Infinity":48,"f:90:19:90:20":8,"s:91:8:91:Infinity":49,"s:92:19:92:Infinity":50,"b:93:8:95:Infinity:undefined:undefined:undefined:undefined":11,"s:93:8:95:Infinity":51,"s:94:12:94:Infinity":52,"s:98:20:102:Infinity":53,"b:104:4:104:Infinity:undefined:undefined:undefined:undefined":12,"s:104:4:104:Infinity":54,"s:104:17:104:Infinity":55,"s:106:4:188:Infinity":56,"b:113:57:113:76:113:76:113:Infinity":13,"f:114:37:114:43":9,"s:114:43:114:Infinity":57,"b:119:59:119:78:119:78:119:Infinity":14,"f:120:37:120:43":10,"s:120:43:120:Infinity":58,"b:129:16:154:Infinity:156:16:186:Infinity":15,"b:142:28:142:Infinity:144:28:151:Infinity":16,"f:144:38:144:Infinity":11,"s:145:32:150:Infinity":59,"f:157:33:157:Infinity":12,"s:158:24:184:Infinity":60,"f:161:40:161:41":13,"s:161:47:161:Infinity":61,"f:162:36:162:37":14,"s:162:43:162:Infinity":62,"f:167:50:167:55":15,"s:167:55:167:74":63,"f:172:44:172:49":16,"s:172:49:172:68":64,"f:173:41:173:Infinity":17,"s:174:40:180:Infinity":65}}}
,"C:\\Users\\USER\\OneDrive\\Documents\\2025\\2026\\Projets\\ANTIGRAVITY\\job-tracker\\src\\components\\todo\\TodoManager.module.css": {"path":"C:\\Users\\USER\\OneDrive\\Documents\\2025\\2026\\Projets\\ANTIGRAVITY\\job-tracker\\src\\components\\todo\\TodoManager.module.css","statementMap":{},"fnMap":{},"branchMap":{},"s":{},"f":{},"b":{},"meta":{"lastBranch":0,"lastFunction":0,"lastStatement":0,"seen":{}}}
,"C:\\Users\\USER\\OneDrive\\Documents\\2025\\2026\\Projets\\ANTIGRAVITY\\job-tracker\\src\\hooks\\useLocalStorage.js": {"path":"C:\\Users\\USER\\OneDrive\\Documents\\2025\\2026\\Projets\\ANTIGRAVITY\\job-tracker\\src\\hooks\\useLocalStorage.js","statementMap":{"0":{"start":{"line":5,"column":41},"end":{"line":13,"column":6}},"1":{"start":{"line":6,"column":8},"end":{"line":12,"column":9}},"2":{"start":{"line":7,"column":25},"end":{"line":7,"column":57}},"3":{"start":{"line":8,"column":12},"end":{"line":8,"column":58}},"4":{"start":{"line":10,"column":12},"end":{"line":10,"column":76}},"5":{"start":{"line":11,"column":12},"end":{"line":11,"column":32}},"6":{"start":{"line":16,"column":21},"end":{"line":27,"column":5}},"7":{"start":{"line":17,"column":8},"end":{"line":26,"column":9}},"8":{"start":{"line":19,"column":33},"end":{"line":19,"column":87}},"9":{"start":{"line":20,"column":12},"end":{"line":20,"column":41}},"10":{"start":{"line":21,"column":12},"end":{"line":23,"column":13}},"11":{"start":{"line":22,"column":16},"end":{"line":22,"column":79}},"12":{"start":{"line":25,"column":12},"end":{"line":25,"column":76}},"13":{"start":{"line":29,"column":4},"end":{"line":29,"column":35}}},"fnMap":{"0":{"name":"useLocalStorage","decl":{"start":{"line":3,"column":16},"end":{"line":3,"column":31}},"loc":{"start":{"line":3,"column":51},"end":{"line":30,"column":1}},"line":3},"1":{"name":"(anonymous_1)","decl":{"start":{"line":5,"column":51},"end":{"line":5,"column":52}},"loc":{"start":{"line":5,"column":57},"end":{"line":13,"column":5}},"line":5},"2":{"name":"(anonymous_2)","decl":{"start":{"line":16,"column":21},"end":{"line":16,"column":22}},"loc":{"start":{"line":16,"column":32},"end":{"line":27,"column":5}},"line":16}},"branchMap":{"0":{"loc":{"start":{"line":8,"column":19},"end":{"line":8,"column":57}},"type":"cond-expr","locations":[{"start":{"line":8,"column":26},"end":{"line":8,"column":42}},{"start":{"line":8,"column":45},"end":{"line":8,"column":57}}],"line":8},"1":{"loc":{"start":{"line":19,"column":33},"end":{"line":19,"column":87}},"type":"cond-expr","locations":[{"start":{"line":19,"column":61},"end":{"line":19,"column":79}},{"start":{"line":19,"column":82},"end":{"line":19,"column":87}}],"line":19},"2":{"loc":{"start":{"line":21,"column":12},"end":{"line":23,"column":13}},"type":"if","locations":[{"start":{"line":21,"column":12},"end":{"line":23,"column":13}},{"start":{},"end":{}}],"line":21}},"s":{"0":4,"1":3,"2":3,"3":3,"4":0,"5":0,"6":4,"7":1,"8":1,"9":1,"10":1,"11":1,"12":0,"13":4},"f":{"0":4,"1":3,"2":1},"b":{"0":[1,2],"1":[0,1],"2":[1,0]},"meta":{"lastBranch":3,"lastFunction":3,"lastStatement":14,"seen":{"f:3:16:3:31":0,"s:5:41:13:6":0,"f:5:51:5:52":1,"s:6:8:12:9":1,"s:7:25:7:57":2,"s:8:12:8:58":3,"b:8:26:8:42:8:45:8:57":0,"s:10:12:10:76":4,"s:11:12:11:32":5,"s:16:21:27:5":6,"f:16:21:16:22":2,"s:17:8:26:9":7,"s:19:33:19:87":8,"b:19:61:19:79:19:82:19:87":1,"s:20:12:20:41":9,"b:21:12:23:13:undefined:undefined:undefined:undefined":2,"s:21:12:23:13":10,"s:22:16:22:79":11,"s:25:12:25:76":12,"s:29:4:29:35":13}}}
}
